[debug] [2025-06-12T11:02:32.114Z] ----------------------------------------------------------------------
[debug] [2025-06-12T11:02:32.116Z] Command:       C:\Program Files\nodejs\node.exe C:\Users\v_beketov\AppData\Roaming\npm\node_modules\firebase-tools\lib\bin\firebase.js deploy
[debug] [2025-06-12T11:02:32.116Z] CLI Version:   14.6.0
[debug] [2025-06-12T11:02:32.116Z] Platform:      win32
[debug] [2025-06-12T11:02:32.117Z] Node Version:  v22.14.0
[debug] [2025-06-12T11:02:32.117Z] Time:          Thu Jun 12 2025 13:02:32 GMT+0200 (Центральная Европа, летнее время)
[debug] [2025-06-12T11:02:32.117Z] ----------------------------------------------------------------------
[debug] 
[debug] [2025-06-12T11:02:32.278Z] > command requires scopes: ["email","openid","https://www.googleapis.com/auth/cloudplatformprojects.readonly","https://www.googleapis.com/auth/firebase","https://www.googleapis.com/auth/cloud-platform"]
[debug] [2025-06-12T11:02:32.278Z] > authorizing via signed-in user (vicbek8@gmail.com)
[debug] [2025-06-12T11:02:32.278Z] [iam] checking project ttv-bot-dashboard for permissions ["cloudfunctions.functions.create","cloudfunctions.functions.delete","cloudfunctions.functions.get","cloudfunctions.functions.list","cloudfunctions.functions.update","cloudfunctions.operations.get","cloudsql.databases.create","cloudsql.databases.update","cloudsql.instances.connect","cloudsql.instances.create","cloudsql.instances.get","cloudsql.instances.list","cloudsql.instances.update","cloudsql.users.create","datastore.indexes.create","datastore.indexes.delete","datastore.indexes.list","datastore.indexes.update","firebase.projects.get","firebasedataconnect.connectors.create","firebasedataconnect.connectors.delete","firebasedataconnect.connectors.list","firebasedataconnect.connectors.update","firebasedataconnect.operations.get","firebasedataconnect.schemas.create","firebasedataconnect.schemas.delete","firebasedataconnect.schemas.list","firebasedataconnect.schemas.update","firebasedataconnect.services.create","firebasedataconnect.services.delete","firebasedataconnect.services.list","firebasedataconnect.services.update",null]
[debug] [2025-06-12T11:02:32.279Z] Checked if tokens are valid: true, expires at: 1749728989616
[debug] [2025-06-12T11:02:32.279Z] Checked if tokens are valid: true, expires at: 1749728989616
[debug] [2025-06-12T11:02:32.280Z] >>> [apiv2][query] POST https://cloudresourcemanager.googleapis.com/v1/projects/ttv-bot-dashboard:testIamPermissions [none]
[debug] [2025-06-12T11:02:32.280Z] >>> [apiv2][(partial)header] POST https://cloudresourcemanager.googleapis.com/v1/projects/ttv-bot-dashboard:testIamPermissions x-goog-quota-user=projects/ttv-bot-dashboard
[debug] [2025-06-12T11:02:32.280Z] >>> [apiv2][body] POST https://cloudresourcemanager.googleapis.com/v1/projects/ttv-bot-dashboard:testIamPermissions {"permissions":["cloudfunctions.functions.create","cloudfunctions.functions.delete","cloudfunctions.functions.get","cloudfunctions.functions.list","cloudfunctions.functions.update","cloudfunctions.operations.get","cloudsql.databases.create","cloudsql.databases.update","cloudsql.instances.connect","cloudsql.instances.create","cloudsql.instances.get","cloudsql.instances.list","cloudsql.instances.update","cloudsql.users.create","datastore.indexes.create","datastore.indexes.delete","datastore.indexes.list","datastore.indexes.update","firebase.projects.get","firebasedataconnect.connectors.create","firebasedataconnect.connectors.delete","firebasedataconnect.connectors.list","firebasedataconnect.connectors.update","firebasedataconnect.operations.get","firebasedataconnect.schemas.create","firebasedataconnect.schemas.delete","firebasedataconnect.schemas.list","firebasedataconnect.schemas.update","firebasedataconnect.services.create","firebasedataconnect.services.delete","firebasedataconnect.services.list","firebasedataconnect.services.update",null]}
[debug] [2025-06-12T11:02:32.566Z] <<< [apiv2][status] POST https://cloudresourcemanager.googleapis.com/v1/projects/ttv-bot-dashboard:testIamPermissions 200
[debug] [2025-06-12T11:02:32.567Z] <<< [apiv2][body] POST https://cloudresourcemanager.googleapis.com/v1/projects/ttv-bot-dashboard:testIamPermissions {"permissions":["cloudfunctions.functions.create","cloudfunctions.functions.delete","cloudfunctions.functions.get","cloudfunctions.functions.list","cloudfunctions.functions.update","cloudfunctions.operations.get","cloudsql.databases.create","cloudsql.databases.update","cloudsql.instances.connect","cloudsql.instances.create","cloudsql.instances.get","cloudsql.instances.list","cloudsql.instances.update","cloudsql.users.create","datastore.indexes.create","datastore.indexes.delete","datastore.indexes.list","datastore.indexes.update","firebase.projects.get","firebasedataconnect.connectors.create","firebasedataconnect.connectors.delete","firebasedataconnect.connectors.list","firebasedataconnect.connectors.update","firebasedataconnect.operations.get","firebasedataconnect.schemas.create","firebasedataconnect.schemas.delete","firebasedataconnect.schemas.list","firebasedataconnect.schemas.update","firebasedataconnect.services.create","firebasedataconnect.services.delete","firebasedataconnect.services.list","firebasedataconnect.services.update"]}
[debug] [2025-06-12T11:02:32.567Z] [iam] error while checking permissions, command may fail: Authorization failed. This account is missing the following required permissions on project ttv-bot-dashboard:

  
[debug] [2025-06-12T11:02:32.567Z] Checked if tokens are valid: true, expires at: 1749728989616
[debug] [2025-06-12T11:02:32.567Z] Checked if tokens are valid: true, expires at: 1749728989616
[debug] [2025-06-12T11:02:32.567Z] >>> [apiv2][query] POST https://iam.googleapis.com/v1/projects/ttv-bot-dashboard/serviceAccounts/ttv-bot-dashboard@appspot.gserviceaccount.com:testIamPermissions [none]
[debug] [2025-06-12T11:02:32.567Z] >>> [apiv2][body] POST https://iam.googleapis.com/v1/projects/ttv-bot-dashboard/serviceAccounts/ttv-bot-dashboard@appspot.gserviceaccount.com:testIamPermissions {"permissions":["iam.serviceAccounts.actAs"]}
[debug] [2025-06-12T11:02:32.811Z] <<< [apiv2][status] POST https://iam.googleapis.com/v1/projects/ttv-bot-dashboard/serviceAccounts/ttv-bot-dashboard@appspot.gserviceaccount.com:testIamPermissions 200
[debug] [2025-06-12T11:02:32.811Z] <<< [apiv2][body] POST https://iam.googleapis.com/v1/projects/ttv-bot-dashboard/serviceAccounts/ttv-bot-dashboard@appspot.gserviceaccount.com:testIamPermissions {"permissions":["iam.serviceAccounts.actAs"]}
[info] 
[info] === Deploying to 'ttv-bot-dashboard'...
[info] 
[info] i  deploying firestore, functions, dataconnect, apphosting 
[info] Running command: npm --prefix "$RESOURCE_DIR" run lint
[info] +  functions: Finished running predeploy script. 
[info] i  firestore: reading indexes from firestore.indexes.json... 
[info] i  cloud.firestore: checking firestore.rules for compilation errors... 
[debug] [2025-06-12T11:02:33.718Z] Checked if tokens are valid: true, expires at: 1749728989616
[debug] [2025-06-12T11:02:33.718Z] Checked if tokens are valid: true, expires at: 1749728989616
[debug] [2025-06-12T11:02:33.718Z] >>> [apiv2][query] POST https://firebaserules.googleapis.com/v1/projects/ttv-bot-dashboard:test [none]
[debug] [2025-06-12T11:02:33.718Z] >>> [apiv2][body] POST https://firebaserules.googleapis.com/v1/projects/ttv-bot-dashboard:test [omitted]
[debug] [2025-06-12T11:02:34.595Z] <<< [apiv2][status] POST https://firebaserules.googleapis.com/v1/projects/ttv-bot-dashboard:test 200
[debug] [2025-06-12T11:02:34.595Z] <<< [apiv2][body] POST https://firebaserules.googleapis.com/v1/projects/ttv-bot-dashboard:test {}
[info] +  cloud.firestore: rules file firestore.rules compiled successfully 
[debug] [2025-06-12T11:02:34.597Z] Checked if tokens are valid: true, expires at: 1749728989616
[debug] [2025-06-12T11:02:34.597Z] Checked if tokens are valid: true, expires at: 1749728989616
[debug] [2025-06-12T11:02:34.597Z] >>> [apiv2][query] GET https://serviceusage.googleapis.com/v1/projects/ttv-bot-dashboard/services/cloudresourcemanager.googleapis.com [none]
[debug] [2025-06-12T11:02:34.597Z] >>> [apiv2][(partial)header] GET https://serviceusage.googleapis.com/v1/projects/ttv-bot-dashboard/services/cloudresourcemanager.googleapis.com x-goog-quota-user=projects/ttv-bot-dashboard
[debug] [2025-06-12T11:02:35.775Z] <<< [apiv2][status] GET https://serviceusage.googleapis.com/v1/projects/ttv-bot-dashboard/services/cloudresourcemanager.googleapis.com 200
[debug] [2025-06-12T11:02:35.775Z] <<< [apiv2][body] GET https://serviceusage.googleapis.com/v1/projects/ttv-bot-dashboard/services/cloudresourcemanager.googleapis.com [omitted]
[debug] [2025-06-12T11:02:35.775Z] Checked if tokens are valid: true, expires at: 1749728989616
[debug] [2025-06-12T11:02:35.775Z] Checked if tokens are valid: true, expires at: 1749728989616
[debug] [2025-06-12T11:02:35.775Z] >>> [apiv2][query] GET https://cloudresourcemanager.googleapis.com/v1/projects/ttv-bot-dashboard [none]
[debug] [2025-06-12T11:02:35.973Z] <<< [apiv2][status] GET https://cloudresourcemanager.googleapis.com/v1/projects/ttv-bot-dashboard 200
[debug] [2025-06-12T11:02:35.973Z] <<< [apiv2][body] GET https://cloudresourcemanager.googleapis.com/v1/projects/ttv-bot-dashboard {"projectNumber":"193511610358","projectId":"ttv-bot-dashboard","lifecycleState":"ACTIVE","name":"TTV-bot-dashboard","labels":{"firebase":"enabled","firebase-core":"disabled"},"createTime":"2025-06-12T10:30:13.054771Z"}
[info] i  functions: preparing codebase default for deployment 
[info] i  functions: ensuring required API cloudfunctions.googleapis.com is enabled... 
[debug] [2025-06-12T11:02:35.974Z] Checked if tokens are valid: true, expires at: 1749728989616
[debug] [2025-06-12T11:02:35.975Z] Checked if tokens are valid: true, expires at: 1749728989616
[debug] [2025-06-12T11:02:35.975Z] Checked if tokens are valid: true, expires at: 1749728989616
[debug] [2025-06-12T11:02:35.975Z] Checked if tokens are valid: true, expires at: 1749728989616
[info] i  functions: ensuring required API cloudbuild.googleapis.com is enabled... 
[debug] [2025-06-12T11:02:35.975Z] Checked if tokens are valid: true, expires at: 1749728989616
[debug] [2025-06-12T11:02:35.975Z] Checked if tokens are valid: true, expires at: 1749728989616
[info] i  artifactregistry: ensuring required API artifactregistry.googleapis.com is enabled... 
[debug] [2025-06-12T11:02:35.975Z] Checked if tokens are valid: true, expires at: 1749728989616
[debug] [2025-06-12T11:02:35.975Z] Checked if tokens are valid: true, expires at: 1749728989616
[debug] [2025-06-12T11:02:35.975Z] >>> [apiv2][query] GET https://serviceusage.googleapis.com/v1/projects/ttv-bot-dashboard/services/cloudfunctions.googleapis.com [none]
[debug] [2025-06-12T11:02:35.975Z] >>> [apiv2][(partial)header] GET https://serviceusage.googleapis.com/v1/projects/ttv-bot-dashboard/services/cloudfunctions.googleapis.com x-goog-quota-user=projects/ttv-bot-dashboard
[debug] [2025-06-12T11:02:35.976Z] >>> [apiv2][query] GET https://serviceusage.googleapis.com/v1/projects/ttv-bot-dashboard/services/runtimeconfig.googleapis.com [none]
[debug] [2025-06-12T11:02:35.976Z] >>> [apiv2][(partial)header] GET https://serviceusage.googleapis.com/v1/projects/ttv-bot-dashboard/services/runtimeconfig.googleapis.com x-goog-quota-user=projects/ttv-bot-dashboard
[debug] [2025-06-12T11:02:35.977Z] >>> [apiv2][query] GET https://serviceusage.googleapis.com/v1/projects/ttv-bot-dashboard/services/cloudbuild.googleapis.com [none]
[debug] [2025-06-12T11:02:35.977Z] >>> [apiv2][(partial)header] GET https://serviceusage.googleapis.com/v1/projects/ttv-bot-dashboard/services/cloudbuild.googleapis.com x-goog-quota-user=projects/ttv-bot-dashboard
[debug] [2025-06-12T11:02:35.978Z] >>> [apiv2][query] GET https://serviceusage.googleapis.com/v1/projects/ttv-bot-dashboard/services/artifactregistry.googleapis.com [none]
[debug] [2025-06-12T11:02:35.978Z] >>> [apiv2][(partial)header] GET https://serviceusage.googleapis.com/v1/projects/ttv-bot-dashboard/services/artifactregistry.googleapis.com x-goog-quota-user=projects/ttv-bot-dashboard
[debug] [2025-06-12T11:02:36.364Z] <<< [apiv2][status] GET https://serviceusage.googleapis.com/v1/projects/ttv-bot-dashboard/services/cloudfunctions.googleapis.com 200
[debug] [2025-06-12T11:02:36.364Z] <<< [apiv2][body] GET https://serviceusage.googleapis.com/v1/projects/ttv-bot-dashboard/services/cloudfunctions.googleapis.com [omitted]
[info] +  functions: required API cloudfunctions.googleapis.com is enabled 
[debug] [2025-06-12T11:02:36.875Z] <<< [apiv2][status] GET https://serviceusage.googleapis.com/v1/projects/ttv-bot-dashboard/services/runtimeconfig.googleapis.com 200
[debug] [2025-06-12T11:02:36.875Z] <<< [apiv2][body] GET https://serviceusage.googleapis.com/v1/projects/ttv-bot-dashboard/services/runtimeconfig.googleapis.com [omitted]
[debug] [2025-06-12T11:02:36.878Z] <<< [apiv2][status] GET https://serviceusage.googleapis.com/v1/projects/ttv-bot-dashboard/services/artifactregistry.googleapis.com 200
[debug] [2025-06-12T11:02:36.878Z] <<< [apiv2][body] GET https://serviceusage.googleapis.com/v1/projects/ttv-bot-dashboard/services/artifactregistry.googleapis.com [omitted]
[info] +  artifactregistry: required API artifactregistry.googleapis.com is enabled 
[debug] [2025-06-12T11:02:36.919Z] <<< [apiv2][status] GET https://serviceusage.googleapis.com/v1/projects/ttv-bot-dashboard/services/cloudbuild.googleapis.com 200
[debug] [2025-06-12T11:02:36.919Z] <<< [apiv2][body] GET https://serviceusage.googleapis.com/v1/projects/ttv-bot-dashboard/services/cloudbuild.googleapis.com [omitted]
[info] +  functions: required API cloudbuild.googleapis.com is enabled 
[debug] [2025-06-12T11:02:36.920Z] Checked if tokens are valid: true, expires at: 1749728989616
[debug] [2025-06-12T11:02:36.920Z] Checked if tokens are valid: true, expires at: 1749728989616
[debug] [2025-06-12T11:02:36.920Z] >>> [apiv2][query] GET https://firebase.googleapis.com/v1beta1/projects/ttv-bot-dashboard/adminSdkConfig [none]
[debug] [2025-06-12T11:02:37.479Z] <<< [apiv2][status] GET https://firebase.googleapis.com/v1beta1/projects/ttv-bot-dashboard/adminSdkConfig 200
[debug] [2025-06-12T11:02:37.479Z] <<< [apiv2][body] GET https://firebase.googleapis.com/v1beta1/projects/ttv-bot-dashboard/adminSdkConfig {"projectId":"ttv-bot-dashboard","storageBucket":"ttv-bot-dashboard.firebasestorage.app"}
[debug] [2025-06-12T11:02:37.479Z] Checked if tokens are valid: true, expires at: 1749728989616
[debug] [2025-06-12T11:02:37.479Z] Checked if tokens are valid: true, expires at: 1749728989616
[debug] [2025-06-12T11:02:37.479Z] >>> [apiv2][query] GET https://runtimeconfig.googleapis.com/v1beta1/projects/ttv-bot-dashboard/configs [none]
[debug] [2025-06-12T11:02:37.839Z] <<< [apiv2][status] GET https://runtimeconfig.googleapis.com/v1beta1/projects/ttv-bot-dashboard/configs 200
[debug] [2025-06-12T11:02:37.840Z] <<< [apiv2][body] GET https://runtimeconfig.googleapis.com/v1beta1/projects/ttv-bot-dashboard/configs {}
[debug] [2025-06-12T11:02:37.841Z] Validating nodejs source
[debug] [2025-06-12T11:02:38.538Z] > [functions] package.json contents: {
  "name": "functions",
  "description": "Cloud Functions for Firebase",
  "scripts": {
    "lint": "eslint .",
    "serve": "firebase emulators:start --only functions",
    "shell": "firebase functions:shell",
    "start": "npm run shell",
    "deploy": "firebase deploy --only functions",
    "logs": "firebase functions:log"
  },
  "engines": {
    "node": "22"
  },
  "main": "index.js",
  "dependencies": {
    "firebase-admin": "^12.6.0",
    "firebase-functions": "^6.0.1"
  },
  "devDependencies": {
    "eslint": "^8.15.0",
    "eslint-config-google": "^0.14.0",
    "firebase-functions-test": "^3.1.0"
  },
  "private": true
}
[debug] [2025-06-12T11:02:38.538Z] Building nodejs source
[info] i  functions: Loading and analyzing source code for codebase default to determine what to deploy 
[debug] [2025-06-12T11:02:38.539Z] Could not find functions.yaml. Must use http discovery
[debug] [2025-06-12T11:02:38.549Z] Found firebase-functions binary at 'C:\Users\v_beketov\Desktop\utils\TwitchBotApp\DashBoard\functions\node_modules\.bin\firebase-functions'
[info] Serving at port 8492

[debug] [2025-06-12T11:02:38.779Z] Got response from /__/functions.yaml {"endpoints":{},"specVersion":"v1alpha1","requiredAPIs":[],"extensions":{}}
[info] i  extensions: ensuring required API firebaseextensions.googleapis.com is enabled... 
[debug] [2025-06-12T11:02:42.804Z] Checked if tokens are valid: true, expires at: 1749728989616
[debug] [2025-06-12T11:02:42.804Z] Checked if tokens are valid: true, expires at: 1749728989616
[debug] [2025-06-12T11:02:42.804Z] >>> [apiv2][query] GET https://serviceusage.googleapis.com/v1/projects/ttv-bot-dashboard/services/firebaseextensions.googleapis.com [none]
[debug] [2025-06-12T11:02:42.805Z] >>> [apiv2][(partial)header] GET https://serviceusage.googleapis.com/v1/projects/ttv-bot-dashboard/services/firebaseextensions.googleapis.com x-goog-quota-user=projects/ttv-bot-dashboard
[debug] [2025-06-12T11:02:43.218Z] <<< [apiv2][status] GET https://serviceusage.googleapis.com/v1/projects/ttv-bot-dashboard/services/firebaseextensions.googleapis.com 200
[debug] [2025-06-12T11:02:43.218Z] <<< [apiv2][body] GET https://serviceusage.googleapis.com/v1/projects/ttv-bot-dashboard/services/firebaseextensions.googleapis.com [omitted]
[warn] !  extensions: missing required API firebaseextensions.googleapis.com. Enabling now... 
[debug] [2025-06-12T11:02:43.218Z] Checked if tokens are valid: true, expires at: 1749728989616
[debug] [2025-06-12T11:02:43.218Z] Checked if tokens are valid: true, expires at: 1749728989616
[debug] [2025-06-12T11:02:43.218Z] >>> [apiv2][query] POST https://serviceusage.googleapis.com/v1/projects/ttv-bot-dashboard/services/firebaseextensions.googleapis.com:enable [none]
[debug] [2025-06-12T11:02:43.218Z] >>> [apiv2][(partial)header] POST https://serviceusage.googleapis.com/v1/projects/ttv-bot-dashboard/services/firebaseextensions.googleapis.com:enable x-goog-quota-user=projects/ttv-bot-dashboard
[debug] [2025-06-12T11:02:44.430Z] <<< [apiv2][status] POST https://serviceusage.googleapis.com/v1/projects/ttv-bot-dashboard/services/firebaseextensions.googleapis.com:enable 200
[debug] [2025-06-12T11:02:44.430Z] <<< [apiv2][body] POST https://serviceusage.googleapis.com/v1/projects/ttv-bot-dashboard/services/firebaseextensions.googleapis.com:enable [omitted]
[debug] [2025-06-12T11:02:54.432Z] Checked if tokens are valid: true, expires at: 1749728989616
[debug] [2025-06-12T11:02:54.432Z] Checked if tokens are valid: true, expires at: 1749728989616
[debug] [2025-06-12T11:02:54.433Z] >>> [apiv2][query] GET https://serviceusage.googleapis.com/v1/projects/ttv-bot-dashboard/services/firebaseextensions.googleapis.com [none]
[debug] [2025-06-12T11:02:54.433Z] >>> [apiv2][(partial)header] GET https://serviceusage.googleapis.com/v1/projects/ttv-bot-dashboard/services/firebaseextensions.googleapis.com x-goog-quota-user=projects/ttv-bot-dashboard
[debug] [2025-06-12T11:02:55.324Z] <<< [apiv2][status] GET https://serviceusage.googleapis.com/v1/projects/ttv-bot-dashboard/services/firebaseextensions.googleapis.com 200
[debug] [2025-06-12T11:02:55.324Z] <<< [apiv2][body] GET https://serviceusage.googleapis.com/v1/projects/ttv-bot-dashboard/services/firebaseextensions.googleapis.com [omitted]
[info] +  extensions: required API firebaseextensions.googleapis.com is enabled 
[debug] [2025-06-12T11:02:55.326Z] > command requires scopes: ["email","openid","https://www.googleapis.com/auth/cloudplatformprojects.readonly","https://www.googleapis.com/auth/firebase","https://www.googleapis.com/auth/cloud-platform"]
[debug] [2025-06-12T11:02:55.326Z] > authorizing via signed-in user (vicbek8@gmail.com)
[debug] [2025-06-12T11:02:55.326Z] [iam] checking project ttv-bot-dashboard for permissions ["firebase.projects.get","firebaseextensions.instances.list"]
[debug] [2025-06-12T11:02:55.326Z] Checked if tokens are valid: true, expires at: 1749728989616
[debug] [2025-06-12T11:02:55.326Z] Checked if tokens are valid: true, expires at: 1749728989616
[debug] [2025-06-12T11:02:55.327Z] >>> [apiv2][query] POST https://cloudresourcemanager.googleapis.com/v1/projects/ttv-bot-dashboard:testIamPermissions [none]
[debug] [2025-06-12T11:02:55.327Z] >>> [apiv2][(partial)header] POST https://cloudresourcemanager.googleapis.com/v1/projects/ttv-bot-dashboard:testIamPermissions x-goog-quota-user=projects/ttv-bot-dashboard
[debug] [2025-06-12T11:02:55.327Z] >>> [apiv2][body] POST https://cloudresourcemanager.googleapis.com/v1/projects/ttv-bot-dashboard:testIamPermissions {"permissions":["firebase.projects.get","firebaseextensions.instances.list"]}
[debug] [2025-06-12T11:02:55.671Z] <<< [apiv2][status] POST https://cloudresourcemanager.googleapis.com/v1/projects/ttv-bot-dashboard:testIamPermissions 200
[debug] [2025-06-12T11:02:55.672Z] <<< [apiv2][body] POST https://cloudresourcemanager.googleapis.com/v1/projects/ttv-bot-dashboard:testIamPermissions {"permissions":["firebase.projects.get","firebaseextensions.instances.list"]}
[debug] [2025-06-12T11:02:55.672Z] Checked if tokens are valid: true, expires at: 1749728989616
[debug] [2025-06-12T11:02:55.672Z] Checked if tokens are valid: true, expires at: 1749728989616
[debug] [2025-06-12T11:02:55.672Z] >>> [apiv2][query] GET https://firebaseextensions.googleapis.com/v1beta/projects/ttv-bot-dashboard/instances pageSize=100&pageToken=
[debug] [2025-06-12T11:02:57.692Z] <<< [apiv2][status] GET https://firebaseextensions.googleapis.com/v1beta/projects/ttv-bot-dashboard/instances 200
[debug] [2025-06-12T11:02:57.692Z] <<< [apiv2][body] GET https://firebaseextensions.googleapis.com/v1beta/projects/ttv-bot-dashboard/instances {}
[debug] [2025-06-12T11:02:57.694Z] Checked if tokens are valid: true, expires at: 1749728989616
[debug] [2025-06-12T11:02:57.694Z] Checked if tokens are valid: true, expires at: 1749728989616
[debug] [2025-06-12T11:02:57.694Z] >>> [apiv2][query] GET https://cloudfunctions.googleapis.com/v1/projects/ttv-bot-dashboard/locations/-/functions [none]
[debug] [2025-06-12T11:02:58.428Z] <<< [apiv2][status] GET https://cloudfunctions.googleapis.com/v1/projects/ttv-bot-dashboard/locations/-/functions 200
[debug] [2025-06-12T11:02:58.428Z] <<< [apiv2][body] GET https://cloudfunctions.googleapis.com/v1/projects/ttv-bot-dashboard/locations/-/functions {}
[debug] [2025-06-12T11:02:58.429Z] Checked if tokens are valid: true, expires at: 1749728989616
[debug] [2025-06-12T11:02:58.429Z] Checked if tokens are valid: true, expires at: 1749728989616
[debug] [2025-06-12T11:02:58.429Z] >>> [apiv2][query] GET https://cloudfunctions.googleapis.com/v2/projects/ttv-bot-dashboard/locations/-/functions filter=environment%3D%22GEN_2%22
[debug] [2025-06-12T11:02:59.442Z] <<< [apiv2][status] GET https://cloudfunctions.googleapis.com/v2/projects/ttv-bot-dashboard/locations/-/functions 200
[debug] [2025-06-12T11:02:59.443Z] <<< [apiv2][body] GET https://cloudfunctions.googleapis.com/v2/projects/ttv-bot-dashboard/locations/-/functions {}
[debug] [2025-06-12T11:02:59.446Z] Checked if tokens are valid: true, expires at: 1749728989616
[debug] [2025-06-12T11:02:59.446Z] Checked if tokens are valid: true, expires at: 1749728989616
[debug] [2025-06-12T11:02:59.446Z] >>> [apiv2][query] GET https://cloudbilling.googleapis.com/v1/projects/ttv-bot-dashboard/billingInfo [none]
[debug] [2025-06-12T11:03:00.070Z] <<< [apiv2][status] GET https://cloudbilling.googleapis.com/v1/projects/ttv-bot-dashboard/billingInfo 200
[debug] [2025-06-12T11:03:00.070Z] <<< [apiv2][body] GET https://cloudbilling.googleapis.com/v1/projects/ttv-bot-dashboard/billingInfo {"name":"projects/ttv-bot-dashboard/billingInfo","projectId":"ttv-bot-dashboard","billingAccountName":"billingAccounts/019443-7BB8CD-1D4BCA","billingEnabled":true}
[info] i  dataconnect: ensuring required API firebasedataconnect.googleapis.com is enabled... 
[debug] [2025-06-12T11:03:00.071Z] Checked if tokens are valid: true, expires at: 1749728989616
[debug] [2025-06-12T11:03:00.071Z] Checked if tokens are valid: true, expires at: 1749728989616
[debug] [2025-06-12T11:03:00.071Z] >>> [apiv2][query] GET https://serviceusage.googleapis.com/v1/projects/ttv-bot-dashboard/services/firebasedataconnect.googleapis.com [none]
[debug] [2025-06-12T11:03:00.071Z] >>> [apiv2][(partial)header] GET https://serviceusage.googleapis.com/v1/projects/ttv-bot-dashboard/services/firebasedataconnect.googleapis.com x-goog-quota-user=projects/ttv-bot-dashboard
[debug] [2025-06-12T11:03:00.448Z] <<< [apiv2][status] GET https://serviceusage.googleapis.com/v1/projects/ttv-bot-dashboard/services/firebasedataconnect.googleapis.com 200
[debug] [2025-06-12T11:03:00.448Z] <<< [apiv2][body] GET https://serviceusage.googleapis.com/v1/projects/ttv-bot-dashboard/services/firebasedataconnect.googleapis.com [omitted]
[info] +  dataconnect: required API firebasedataconnect.googleapis.com is enabled 
[info] i  dataconnect: ensuring required API sqladmin.googleapis.com is enabled... 
[debug] [2025-06-12T11:03:00.449Z] Checked if tokens are valid: true, expires at: 1749728989616
[debug] [2025-06-12T11:03:00.449Z] Checked if tokens are valid: true, expires at: 1749728989616
[debug] [2025-06-12T11:03:00.449Z] >>> [apiv2][query] GET https://serviceusage.googleapis.com/v1/projects/ttv-bot-dashboard/services/sqladmin.googleapis.com [none]
[debug] [2025-06-12T11:03:00.449Z] >>> [apiv2][(partial)header] GET https://serviceusage.googleapis.com/v1/projects/ttv-bot-dashboard/services/sqladmin.googleapis.com x-goog-quota-user=projects/ttv-bot-dashboard
[debug] [2025-06-12T11:03:00.896Z] <<< [apiv2][status] GET https://serviceusage.googleapis.com/v1/projects/ttv-bot-dashboard/services/sqladmin.googleapis.com 200
[debug] [2025-06-12T11:03:00.897Z] <<< [apiv2][body] GET https://serviceusage.googleapis.com/v1/projects/ttv-bot-dashboard/services/sqladmin.googleapis.com [omitted]
[info] +  dataconnect: required API sqladmin.googleapis.com is enabled 
[info] i  dataconnect: ensuring required API compute.googleapis.com is enabled... 
[debug] [2025-06-12T11:03:00.897Z] Checked if tokens are valid: true, expires at: 1749728989616
[debug] [2025-06-12T11:03:00.897Z] Checked if tokens are valid: true, expires at: 1749728989616
[debug] [2025-06-12T11:03:00.897Z] >>> [apiv2][query] GET https://serviceusage.googleapis.com/v1/projects/ttv-bot-dashboard/services/compute.googleapis.com [none]
[debug] [2025-06-12T11:03:00.897Z] >>> [apiv2][(partial)header] GET https://serviceusage.googleapis.com/v1/projects/ttv-bot-dashboard/services/compute.googleapis.com x-goog-quota-user=projects/ttv-bot-dashboard
[debug] [2025-06-12T11:03:01.649Z] <<< [apiv2][status] GET https://serviceusage.googleapis.com/v1/projects/ttv-bot-dashboard/services/compute.googleapis.com 200
[debug] [2025-06-12T11:03:01.649Z] <<< [apiv2][body] GET https://serviceusage.googleapis.com/v1/projects/ttv-bot-dashboard/services/compute.googleapis.com [omitted]
[info] +  dataconnect: required API compute.googleapis.com is enabled 
[debug] [2025-06-12T11:03:01.650Z] Checked if tokens are valid: true, expires at: 1749728989616
[debug] [2025-06-12T11:03:01.650Z] Checked if tokens are valid: true, expires at: 1749728989616
[debug] [2025-06-12T11:03:01.650Z] >>> [apiv2][query] GET https://mobilesdk-pa.googleapis.com/v1/accessmanagement/tos:getStatus [none]
[debug] [2025-06-12T11:03:02.053Z] <<< [apiv2][status] GET https://mobilesdk-pa.googleapis.com/v1/accessmanagement/tos:getStatus 200
[debug] [2025-06-12T11:03:02.053Z] <<< [apiv2][body] GET https://mobilesdk-pa.googleapis.com/v1/accessmanagement/tos:getStatus {"overallStatus":"ACCEPTED","uTosStatus":{"tos":{"id":"firebase","tosId":"FIREBASE_UNIVERSAL"},"status":"ACCEPTED","acceptedVersion":7},"childTosStatus":[{"tos":{"id":"cloud","tosId":"CLOUD_PLATFORM"},"status":"ACCEPTED","acceptedVersion":38},{"tos":{"id":"firebase_b2b","tosId":"FIREBASE_B2B"},"status":"ACCEPTED","acceptedVersion":1},{"tos":{"id":"universal","tosId":"GOOGLE_APIS"},"status":"ACCEPTED","acceptedVersion":6}],"termsUrl":"https://firebase.google.com/terms","perServiceStatus":[{"tosId":"APP_CHECK","serviceStatus":{"tos":{"id":"app_check","tosId":"APP_CHECK"},"status":"ACCEPTED","acceptedVersion":3}},{"tosId":"APP_HOSTING_TOS","serviceStatus":{"tos":{"id":"app_hosting","tosId":"APP_HOSTING_TOS"},"status":"ACCEPTED","acceptedVersion":3}},{"tosId":"FIREBASE_DATA_CONNECT","serviceStatus":{"tos":{"id":"data_connect","tosId":"FIREBASE_DATA_CONNECT"},"status":"ACCEPTED","acceptedVersion":3}},{"tosId":"CORE_APPS","serviceStatus":{"tos":{"id":"core_apps","tosId":"CORE_APPS"},"status":"ACCEPTED","acceptedVersion":1}},{"tosId":"VERTEX_AI_IN_FIREBASE","serviceStatus":{"tos":{"id":"vertex_ai_in_firebase","tosId":"VERTEX_AI_IN_FIREBASE"},"status":"ACCEPTED","acceptedVersion":2}},{"tosId":"FIREBASE_CRASHLYTICS_APP_DISTRIBUTION","serviceStatus":{"tos":{"id":"firebase_crashlytics_app_distribution","tosId":"FIREBASE_CRASHLYTICS_APP_DISTRIBUTION"},"status":"ACCEPTED","acceptedVersion":4}},{"tosId":"GENERATIVE_LANGUAGE","serviceStatus":{"tos":{"id":"generative-language-api","tosId":"GENERATIVE_LANGUAGE"},"status":"NEVER_ACCEPTED","acceptedVersion":3}}]}
[info] i  dataconnect: Preparing to deploy 
[debug] [2025-06-12T11:03:02.065Z] defaultcredentials: writing to file C:\Users\v_beketov\AppData\Roaming\firebase\vicbek8_gmail_com_application_default_credentials.json
[debug] [2025-06-12T11:03:03.457Z] I0612 13:03:03.422890   19116 build.go:55] No deployed sources found for service dashboard
I0612 13:03:03.441350   19116 control.go:73] [/emulator/dashboard 3b1e] UpdateResources(): done
Schema: sources: schema\schema.gql [2088B] 
Connector "default": sources: connector\mutations.gql [1233B] connector\queries.gql [1802B] 
 {"metadata":{"emulator":{"name":"dataconnect"},"message":"I0612 13:03:03.422890   19116 build.go:55] No deployed sources found for service dashboard\nI0612 13:03:03.441350   19116 control.go:73] [/emulator/dashboard 3b1e] UpdateResources(): done\nSchema: sources: schema\\schema.gql [2088B] \nConnector \"default\": sources: connector\\mutations.gql [1233B] connector\\queries.gql [1802B] \n"}}
[info] i  dataconnect: Successfully prepared schema and connectors 
[debug] [2025-06-12T11:03:03.457Z] {
  "serviceInfos": [
    {
      "serviceName": "projects/ttv-bot-dashboard/locations/us-central1/services/dashboard",
      "sourceDirectory": "C:\\Users\\v_beketov\\Desktop\\utils\\TwitchBotApp\\DashBoard\\dataconnect",
      "schema": {
        "name": "projects/ttv-bot-dashboard/locations/us-central1/services/dashboard/schemas/main",
        "datasources": [
          {
            "postgresql": {
              "database": "fdcdb",
              "cloudSql": {
                "instance": "projects/ttv-bot-dashboard/locations/us-central1/instances/dashboard-fdc"
              }
            }
          }
        ],
        "source": {
          "files": [
            {
              "path": "schema.gql",
              "content": "# # Example schema for simple movie review app\n\n# # User table is keyed by Firebase Auth UID.\n# type User @table {\n#   # `@default(expr: \"auth.uid\")` sets it to Firebase Auth UID during insert and upsert.\n#   id: String! @default(expr: \"auth.uid\")\n#   username: String! @col(dataType: \"varchar(50)\")\n#   # The `user: User!` field in the Review table generates the following one-to-many query field.\n#   #  reviews_on_user: [Review!]!\n#   # The `Review` join table the following many-to-many query field.\n#   #  movies_via_Review: [Movie!]!\n# }\n\n# # Movie is keyed by a randomly generated UUID.\n# type Movie @table {\n#   # If you do not pass a 'key' to `@table`, Data Connect automatically adds the following 'id' column.\n#   # Feel free to uncomment and customize it.\n#   #  id: UUID! @default(expr: \"uuidV4()\")\n#   title: String!\n#   imageUrl: String!\n#   genre: String\n# }\n\n# # MovieMetadata is a metadata attached to a Movie.\n# # Movie <-> MovieMetadata is a one-to-one relationship\n# type MovieMetadata @table {\n#   # @unique ensures each Movie can only one MovieMetadata.\n#   movie: Movie! @unique\n#   # The movie field adds the following foreign key field. Feel free to uncomment and customize it.\n#   #  movieId: UUID!\n#   rating: Float\n#   releaseYear: Int\n#   description: String\n# }\n\n# # Reviews is a join table between User and Movie.\n# # It has a composite primary keys `userUid` and `movieId`.\n# # A user can leave reviews for many movies. A movie can have reviews from many users.\n# # User  <-> Review is a one-to-many relationship\n# # Movie <-> Review is a one-to-many relationship\n# # Movie <-> User is a many-to-many relationship\n# type Review @table(name: \"Reviews\", key: [\"movie\", \"user\"]) {\n#   user: User!\n#   # The user field adds the following foreign key field. Feel free to uncomment and customize it.\n#   #  userUid: String!\n#   movie: Movie!\n#   # The movie field adds the following foreign key field. Feel free to uncomment and customize it.\n#   #  movieId: UUID!\n#   rating: Int\n#   reviewText: String\n#   reviewDate: Date! @default(expr: \"request.time\")\n# }\n"
            }
          ]
        }
      },
      "dataConnectYaml": {
        "specVersion": "v1",
        "serviceId": "dashboard",
        "location": "us-central1",
        "schema": {
          "source": "./schema",
          "datasource": {
            "postgresql": {
              "database": "fdcdb",
              "cloudSql": {
                "instanceId": "dashboard-fdc"
              }
            }
          }
        },
        "connectorDirs": [
          "./connector"
        ]
      },
      "connectorInfo": [
        {
          "directory": "C:\\Users\\v_beketov\\Desktop\\utils\\TwitchBotApp\\DashBoard\\dataconnect\\connector",
          "connectorYaml": {
            "connectorId": "default",
            "generate": {
              "javascriptSdk": {
                "outputDir": "..\\..\\dataconnect-generated\\js\\default-connector",
                "package": "@firebasegen/default-connector",
                "packageJsonDir": "..\\.."
              }
            }
          },
          "connector": {
            "name": "projects/ttv-bot-dashboard/locations/us-central1/services/dashboard/connectors/default",
            "source": {
              "files": [
                {
                  "path": "mutations.gql",
                  "content": "# # Example mutations for a simple movie app\n\n# # Create a movie based on user input\n# mutation CreateMovie($title: String!, $genre: String!, $imageUrl: String!)\n# @auth(level: USER_EMAIL_VERIFIED) {\n#   movie_insert(data: { title: $title, genre: $genre, imageUrl: $imageUrl })\n# }\n\n# # Upsert (update or insert) a user's username based on their auth.uid\n# mutation UpsertUser($username: String!) @auth(level: USER) {\n#   # The \"auth.uid\" server value ensures that users can only register their own user.\n#   user_upsert(data: { id_expr: \"auth.uid\", username: $username })\n# }\n\n# # Add a review for a movie\n# mutation AddReview($movieId: UUID!, $rating: Int!, $reviewText: String!)\n# @auth(level: USER) {\n#   review_upsert(\n#     data: {\n#       userId_expr: \"auth.uid\"\n#       movieId: $movieId\n#       rating: $rating\n#       reviewText: $reviewText\n#       # reviewDate defaults to today in the schema. No need to set it manually.\n#     }\n#   )\n# }\n\n# # Logged in user can delete their review for a movie\n# mutation DeleteReview($movieId: UUID!) @auth(level: USER) {\n#   # The \"auth.uid\" server value ensures that users can only delete their own reviews.\n#   review_delete(key: { userId_expr: \"auth.uid\", movieId: $movieId })\n# }\n"
                },
                {
                  "path": "queries.gql",
                  "content": "# # Example queries for a simple movie app.\n\n# # @auth() directives control who can call each operation.\n# # Anyone should be able to list all movies, so the auth level is set to PUBLIC\n# query ListMovies @auth(level: PUBLIC) {\n#   movies {\n#     id\n#     title\n#     imageUrl\n#     genre\n#   }\n# }\n\n# # List all users, only admins should be able to list all users, so we use NO_ACCESS\n# query ListUsers @auth(level: NO_ACCESS) {\n#   users {\n#     id\n#     username\n#   }\n# }\n\n# # Logged in users can list all their reviews and movie titles associated with the review\n# # Since the query uses the uid of the current authenticated user, we set auth level to USER\n# query ListUserReviews @auth(level: USER) {\n#   user(key: { id_expr: \"auth.uid\" }) {\n#     id\n#     username\n#     # <field>_on_<foreign_key_field> makes it easy to grab info from another table\n#     # Here, we use it to grab all the reviews written by the user.\n#     reviews: reviews_on_user {\n#       rating\n#       reviewDate\n#       reviewText\n#       movie {\n#         id\n#         title\n#       }\n#     }\n#   }\n# }\n\n# # Get movie by id\n# query GetMovieById($id: UUID!) @auth(level: PUBLIC) {\n#   movie(id: $id) {\n#     id\n#     title\n#     imageUrl\n#     genre\n#     metadata: movieMetadata_on_movie {\n#       rating\n#       releaseYear\n#       description\n#     }\n#     reviews: reviews_on_movie {\n#       reviewText\n#       reviewDate\n#       rating\n#       user {\n#         id\n#         username\n#       }\n#     }\n#   }\n# }\n\n# # Search for movies, actors, and reviews\n# query SearchMovie($titleInput: String, $genre: String) @auth(level: PUBLIC) {\n#   movies(\n#     where: {\n#       _and: [{ genre: { eq: $genre } }, { title: { contains: $titleInput } }]\n#     }\n#   ) {\n#     id\n#     title\n#     genre\n#     imageUrl\n#   }\n# }\n"
                }
              ]
            }
          }
        }
      ],
      "deploymentMetadata": {
        "primaryDataSource": {
          "postgres": {
            "requiredExtensions": null
          }
        }
      }
    }
  ]
}
[debug] [2025-06-12T11:03:03.458Z] Checked if tokens are valid: true, expires at: 1749728989616
[debug] [2025-06-12T11:03:03.458Z] Checked if tokens are valid: true, expires at: 1749728989616
[debug] [2025-06-12T11:03:03.458Z] >>> [apiv2][query] GET https://serviceusage.googleapis.com/v1/projects/ttv-bot-dashboard/services/firebaseapphosting.googleapis.com [none]
[debug] [2025-06-12T11:03:03.458Z] >>> [apiv2][(partial)header] GET https://serviceusage.googleapis.com/v1/projects/ttv-bot-dashboard/services/firebaseapphosting.googleapis.com x-goog-quota-user=projects/ttv-bot-dashboard
[debug] [2025-06-12T11:03:03.794Z] <<< [apiv2][status] GET https://serviceusage.googleapis.com/v1/projects/ttv-bot-dashboard/services/firebaseapphosting.googleapis.com 200
[debug] [2025-06-12T11:03:03.795Z] <<< [apiv2][body] GET https://serviceusage.googleapis.com/v1/projects/ttv-bot-dashboard/services/firebaseapphosting.googleapis.com [omitted]
[debug] [2025-06-12T11:03:03.795Z] Checked if tokens are valid: true, expires at: 1749728989616
[debug] [2025-06-12T11:03:03.795Z] Checked if tokens are valid: true, expires at: 1749728989616
[debug] [2025-06-12T11:03:03.795Z] Checked if tokens are valid: true, expires at: 1749728989616
[debug] [2025-06-12T11:03:03.795Z] Checked if tokens are valid: true, expires at: 1749728989616
[debug] [2025-06-12T11:03:03.795Z] Checked if tokens are valid: true, expires at: 1749728989616
[debug] [2025-06-12T11:03:03.795Z] Checked if tokens are valid: true, expires at: 1749728989616
[debug] [2025-06-12T11:03:03.795Z] Checked if tokens are valid: true, expires at: 1749728989616
[debug] [2025-06-12T11:03:03.795Z] Checked if tokens are valid: true, expires at: 1749728989616
[debug] [2025-06-12T11:03:03.795Z] Checked if tokens are valid: true, expires at: 1749728989616
[debug] [2025-06-12T11:03:03.795Z] Checked if tokens are valid: true, expires at: 1749728989616
[debug] [2025-06-12T11:03:03.795Z] Checked if tokens are valid: true, expires at: 1749728989616
[debug] [2025-06-12T11:03:03.795Z] Checked if tokens are valid: true, expires at: 1749728989616
[debug] [2025-06-12T11:03:03.796Z] >>> [apiv2][query] GET https://serviceusage.googleapis.com/v1/projects/ttv-bot-dashboard/services/developerconnect.googleapis.com [none]
[debug] [2025-06-12T11:03:03.796Z] >>> [apiv2][(partial)header] GET https://serviceusage.googleapis.com/v1/projects/ttv-bot-dashboard/services/developerconnect.googleapis.com x-goog-quota-user=projects/ttv-bot-dashboard
[debug] [2025-06-12T11:03:03.796Z] >>> [apiv2][query] GET https://serviceusage.googleapis.com/v1/projects/ttv-bot-dashboard/services/cloudbuild.googleapis.com [none]
[debug] [2025-06-12T11:03:03.796Z] >>> [apiv2][(partial)header] GET https://serviceusage.googleapis.com/v1/projects/ttv-bot-dashboard/services/cloudbuild.googleapis.com x-goog-quota-user=projects/ttv-bot-dashboard
[debug] [2025-06-12T11:03:03.797Z] >>> [apiv2][query] GET https://serviceusage.googleapis.com/v1/projects/ttv-bot-dashboard/services/secretmanager.googleapis.com [none]
[debug] [2025-06-12T11:03:03.797Z] >>> [apiv2][(partial)header] GET https://serviceusage.googleapis.com/v1/projects/ttv-bot-dashboard/services/secretmanager.googleapis.com x-goog-quota-user=projects/ttv-bot-dashboard
[debug] [2025-06-12T11:03:03.798Z] >>> [apiv2][query] GET https://serviceusage.googleapis.com/v1/projects/ttv-bot-dashboard/services/run.googleapis.com [none]
[debug] [2025-06-12T11:03:03.798Z] >>> [apiv2][(partial)header] GET https://serviceusage.googleapis.com/v1/projects/ttv-bot-dashboard/services/run.googleapis.com x-goog-quota-user=projects/ttv-bot-dashboard
[debug] [2025-06-12T11:03:03.800Z] >>> [apiv2][query] GET https://serviceusage.googleapis.com/v1/projects/ttv-bot-dashboard/services/artifactregistry.googleapis.com [none]
[debug] [2025-06-12T11:03:03.800Z] >>> [apiv2][(partial)header] GET https://serviceusage.googleapis.com/v1/projects/ttv-bot-dashboard/services/artifactregistry.googleapis.com x-goog-quota-user=projects/ttv-bot-dashboard
[debug] [2025-06-12T11:03:03.801Z] >>> [apiv2][query] GET https://serviceusage.googleapis.com/v1/projects/ttv-bot-dashboard/services/iam.googleapis.com [none]
[debug] [2025-06-12T11:03:03.801Z] >>> [apiv2][(partial)header] GET https://serviceusage.googleapis.com/v1/projects/ttv-bot-dashboard/services/iam.googleapis.com x-goog-quota-user=projects/ttv-bot-dashboard
[debug] [2025-06-12T11:03:04.185Z] <<< [apiv2][status] GET https://serviceusage.googleapis.com/v1/projects/ttv-bot-dashboard/services/developerconnect.googleapis.com 200
[debug] [2025-06-12T11:03:04.185Z] <<< [apiv2][body] GET https://serviceusage.googleapis.com/v1/projects/ttv-bot-dashboard/services/developerconnect.googleapis.com [omitted]
[debug] [2025-06-12T11:03:04.208Z] <<< [apiv2][status] GET https://serviceusage.googleapis.com/v1/projects/ttv-bot-dashboard/services/iam.googleapis.com 200
[debug] [2025-06-12T11:03:04.208Z] <<< [apiv2][body] GET https://serviceusage.googleapis.com/v1/projects/ttv-bot-dashboard/services/iam.googleapis.com [omitted]
[debug] [2025-06-12T11:03:04.214Z] <<< [apiv2][status] GET https://serviceusage.googleapis.com/v1/projects/ttv-bot-dashboard/services/run.googleapis.com 200
[debug] [2025-06-12T11:03:04.214Z] <<< [apiv2][body] GET https://serviceusage.googleapis.com/v1/projects/ttv-bot-dashboard/services/run.googleapis.com [omitted]
[debug] [2025-06-12T11:03:04.696Z] <<< [apiv2][status] GET https://serviceusage.googleapis.com/v1/projects/ttv-bot-dashboard/services/secretmanager.googleapis.com 200
[debug] [2025-06-12T11:03:04.696Z] <<< [apiv2][body] GET https://serviceusage.googleapis.com/v1/projects/ttv-bot-dashboard/services/secretmanager.googleapis.com [omitted]
[debug] [2025-06-12T11:03:04.698Z] <<< [apiv2][status] GET https://serviceusage.googleapis.com/v1/projects/ttv-bot-dashboard/services/cloudbuild.googleapis.com 200
[debug] [2025-06-12T11:03:04.698Z] <<< [apiv2][body] GET https://serviceusage.googleapis.com/v1/projects/ttv-bot-dashboard/services/cloudbuild.googleapis.com [omitted]
[debug] [2025-06-12T11:03:04.714Z] <<< [apiv2][status] GET https://serviceusage.googleapis.com/v1/projects/ttv-bot-dashboard/services/artifactregistry.googleapis.com 200
[debug] [2025-06-12T11:03:04.714Z] <<< [apiv2][body] GET https://serviceusage.googleapis.com/v1/projects/ttv-bot-dashboard/services/artifactregistry.googleapis.com [omitted]
[debug] [2025-06-12T11:03:04.714Z] Checked if tokens are valid: true, expires at: 1749728989616
[debug] [2025-06-12T11:03:04.715Z] Checked if tokens are valid: true, expires at: 1749728989616
[debug] [2025-06-12T11:03:04.715Z] >>> [apiv2][query] POST https://iam.googleapis.com/v1/projects/ttv-bot-dashboard/serviceAccounts/firebase-app-hosting-compute@ttv-bot-dashboard.iam.gserviceaccount.com:testIamPermissions [none]
[debug] [2025-06-12T11:03:04.715Z] >>> [apiv2][(partial)header] POST https://iam.googleapis.com/v1/projects/ttv-bot-dashboard/serviceAccounts/firebase-app-hosting-compute@ttv-bot-dashboard.iam.gserviceaccount.com:testIamPermissions x-goog-quota-user=projects/ttv-bot-dashboard
[debug] [2025-06-12T11:03:04.715Z] >>> [apiv2][body] POST https://iam.googleapis.com/v1/projects/ttv-bot-dashboard/serviceAccounts/firebase-app-hosting-compute@ttv-bot-dashboard.iam.gserviceaccount.com:testIamPermissions {"permissions":["iam.serviceAccounts.actAs"]}
[debug] [2025-06-12T11:03:04.963Z] <<< [apiv2][status] POST https://iam.googleapis.com/v1/projects/ttv-bot-dashboard/serviceAccounts/firebase-app-hosting-compute@ttv-bot-dashboard.iam.gserviceaccount.com:testIamPermissions 200
[debug] [2025-06-12T11:03:04.964Z] <<< [apiv2][body] POST https://iam.googleapis.com/v1/projects/ttv-bot-dashboard/serviceAccounts/firebase-app-hosting-compute@ttv-bot-dashboard.iam.gserviceaccount.com:testIamPermissions {"permissions":["iam.serviceAccounts.actAs"]}
[debug] [2025-06-12T11:03:04.964Z] Checked if tokens are valid: true, expires at: 1749728989616
[debug] [2025-06-12T11:03:04.964Z] Checked if tokens are valid: true, expires at: 1749728989616
[debug] [2025-06-12T11:03:04.964Z] >>> [apiv2][query] POST https://cloudresourcemanager.googleapis.com/v1/projects/ttv-bot-dashboard:getIamPolicy [none]
[debug] [2025-06-12T11:03:05.343Z] <<< [apiv2][status] POST https://cloudresourcemanager.googleapis.com/v1/projects/ttv-bot-dashboard:getIamPolicy 200
[debug] [2025-06-12T11:03:05.343Z] <<< [apiv2][body] POST https://cloudresourcemanager.googleapis.com/v1/projects/ttv-bot-dashboard:getIamPolicy {"version":1,"etag":"BwY3Xd9EQ14=","bindings":[{"role":"roles/cloudbuild.builds.builder","members":["serviceAccount:193511610358@cloudbuild.gserviceaccount.com"]},{"role":"roles/cloudbuild.serviceAgent","members":["serviceAccount:service-193511610358@gcp-sa-cloudbuild.iam.gserviceaccount.com"]},{"role":"roles/cloudfunctions.serviceAgent","members":["serviceAccount:service-193511610358@gcf-admin-robot.iam.gserviceaccount.com"]},{"role":"roles/compute.serviceAgent","members":["serviceAccount:service-193511610358@compute-system.iam.gserviceaccount.com"]},{"role":"roles/containerregistry.ServiceAgent","members":["serviceAccount:service-193511610358@containerregistry.iam.gserviceaccount.com"]},{"role":"roles/developerconnect.readTokenAccessor","members":["serviceAccount:firebase-app-hosting-compute@ttv-bot-dashboard.iam.gserviceaccount.com"]},{"role":"roles/editor","members":["serviceAccount:193511610358-compute@developer.gserviceaccount.com","serviceAccount:193511610358@cloudservices.gserviceaccount.com","serviceAccount:ttv-bot-dashboard@appspot.gserviceaccount.com"]},{"role":"roles/firebase.managementServiceAgent","members":["serviceAccount:service-193511610358@gcp-sa-firebase.iam.gserviceaccount.com"]},{"role":"roles/firebase.sdkAdminServiceAgent","members":["serviceAccount:firebase-adminsdk-fbsvc@ttv-bot-dashboard.iam.gserviceaccount.com","serviceAccount:firebase-app-hosting-compute@ttv-bot-dashboard.iam.gserviceaccount.com"]},{"role":"roles/firebaseapphosting.computeRunner","members":["serviceAccount:firebase-app-hosting-compute@ttv-bot-dashboard.iam.gserviceaccount.com"]},{"role":"roles/firebaseapphosting.serviceAgent","members":["serviceAccount:service-193511610358@gcp-sa-firebaseapphosting.iam.gserviceaccount.com"]},{"role":"roles/firebaseauth.admin","members":["serviceAccount:firebase-adminsdk-fbsvc@ttv-bot-dashboard.iam.gserviceaccount.com"]},{"role":"roles/firebasemods.serviceAgent","members":["serviceAccount:service-193511610358@gcp-sa-firebasemods.iam.gserviceaccount.com"]},{"role":"roles/firebaserules.system","members":["serviceAccount:service-193511610358@firebase-rules.iam.gserviceaccount.com"]},{"role":"roles/firestore.serviceAgent","members":["serviceAccount:service-193511610358@gcp-sa-firestore.iam.gserviceaccount.com"]},{"role":"roles/iam.serviceAccountTokenCreator","members":["serviceAccount:firebase-adminsdk-fbsvc@ttv-bot-dashboard.iam.gserviceaccount.com"]},{"role":"roles/owner","members":["user:vicbek8@gmail.com"]},{"role":"roles/run.serviceAgent","members":["serviceAccount:service-193511610358@serverless-robot-prod.iam.gserviceaccount.com"]},{"role":"roles/storage.objectViewer","members":["serviceAccount:firebase-app-hosting-compute@ttv-bot-dashboard.iam.gserviceaccount.com"]}]}
[debug] [2025-06-12T11:03:05.344Z] Checked if tokens are valid: true, expires at: 1749728989616
[debug] [2025-06-12T11:03:05.344Z] Checked if tokens are valid: true, expires at: 1749728989616
[debug] [2025-06-12T11:03:05.344Z] >>> [apiv2][query] GET https://firebaseapphosting.googleapis.com/v1beta/projects/ttv-bot-dashboard/locations/-/backends 
[debug] [2025-06-12T11:03:06.448Z] <<< [apiv2][status] GET https://firebaseapphosting.googleapis.com/v1beta/projects/ttv-bot-dashboard/locations/-/backends 200
[debug] [2025-06-12T11:03:06.448Z] <<< [apiv2][body] GET https://firebaseapphosting.googleapis.com/v1beta/projects/ttv-bot-dashboard/locations/-/backends {"backends":[{"name":"projects/ttv-bot-dashboard/locations/europe-west4/backends/bot-dashboard-service","createTime":"2025-06-12T10:57:15.363363765Z","updateTime":"2025-06-12T10:57:15.735344Z","labels":{"deployment-tool":"cli-firebase"},"uri":"bot-dashboard-service--ttv-bot-dashboard.europe-west4.hosted.app","uid":"310f1228-966c-4388-97f5-ce0e1f3641a2","etag":"FgMhCimpx-zCtlhK3Z8Ti5rgQgnifbVIVQY0KMeyR-0","reconciling":false,"servingLocality":"GLOBAL_ACCESS","serviceAccount":"firebase-app-hosting-compute@ttv-bot-dashboard.iam.gserviceaccount.com","appId":"1:193511610358:web:79af1d387f684b5a1399d7"}]}
[info] i  apphosting: Found backend(s) bot-dashboard-service 
[debug] [2025-06-12T11:03:06.449Z] Checked if tokens are valid: true, expires at: 1749728989616
[debug] [2025-06-12T11:03:06.449Z] Checked if tokens are valid: true, expires at: 1749728989616
[debug] [2025-06-12T11:03:06.449Z] >>> [apiv2][query] GET https://firestore.googleapis.com/v1/projects/ttv-bot-dashboard/databases/(default) [none]
[debug] [2025-06-12T11:03:06.806Z] <<< [apiv2][status] GET https://firestore.googleapis.com/v1/projects/ttv-bot-dashboard/databases/(default) 200
[debug] [2025-06-12T11:03:06.806Z] <<< [apiv2][body] GET https://firestore.googleapis.com/v1/projects/ttv-bot-dashboard/databases/(default) {"name":"projects/ttv-bot-dashboard/databases/(default)","uid":"e81cc738-34b3-4147-8e4b-07afe81fea8c","createTime":"2025-06-12T10:34:44.878530Z","updateTime":"2025-06-12T10:34:44.878530Z","locationId":"europe-north2","type":"FIRESTORE_NATIVE","concurrencyMode":"PESSIMISTIC","versionRetentionPeriod":"3600s","earliestVersionTime":"2025-06-12T10:34:44.878530Z","appEngineIntegrationMode":"DISABLED","pointInTimeRecoveryEnablement":"POINT_IN_TIME_RECOVERY_DISABLED","deleteProtectionState":"DELETE_PROTECTION_DISABLED","databaseEdition":"STANDARD","freeTier":true,"etag":"INDmwv7d640DMN6JsK/Z640D"}
[debug] [2025-06-12T11:03:06.807Z] Checked if tokens are valid: true, expires at: 1749728989616
[debug] [2025-06-12T11:03:06.807Z] Checked if tokens are valid: true, expires at: 1749728989616
[debug] [2025-06-12T11:03:06.807Z] >>> [apiv2][query] GET https://firebaserules.googleapis.com/v1/projects/ttv-bot-dashboard/releases pageSize=10&pageToken=
[debug] [2025-06-12T11:03:07.591Z] <<< [apiv2][status] GET https://firebaserules.googleapis.com/v1/projects/ttv-bot-dashboard/releases 200
[debug] [2025-06-12T11:03:07.591Z] <<< [apiv2][body] GET https://firebaserules.googleapis.com/v1/projects/ttv-bot-dashboard/releases {"releases":[{"name":"projects/ttv-bot-dashboard/releases/cloud.firestore","rulesetName":"projects/ttv-bot-dashboard/rulesets/169b008b-899f-4001-8f1d-d0685aa703ef","createTime":"2025-06-12T10:34:50.751819Z","updateTime":"2025-06-12T10:34:50.751819Z"}]}
[debug] [2025-06-12T11:03:07.591Z] Checked if tokens are valid: true, expires at: 1749728989616
[debug] [2025-06-12T11:03:07.591Z] Checked if tokens are valid: true, expires at: 1749728989616
[debug] [2025-06-12T11:03:07.591Z] >>> [apiv2][query] GET https://firebaserules.googleapis.com/v1/projects/ttv-bot-dashboard/rulesets/169b008b-899f-4001-8f1d-d0685aa703ef [none]
[debug] [2025-06-12T11:03:08.292Z] <<< [apiv2][status] GET https://firebaserules.googleapis.com/v1/projects/ttv-bot-dashboard/rulesets/169b008b-899f-4001-8f1d-d0685aa703ef 200
[debug] [2025-06-12T11:03:08.292Z] <<< [apiv2][body] GET https://firebaserules.googleapis.com/v1/projects/ttv-bot-dashboard/rulesets/169b008b-899f-4001-8f1d-d0685aa703ef [omitted]
[info] i  firestore: latest version of firestore.rules already up to date, skipping upload... 
[info] i  firestore: deploying indexes... 
[debug] [2025-06-12T11:03:08.295Z] Checked if tokens are valid: true, expires at: 1749728989616
[debug] [2025-06-12T11:03:08.295Z] Checked if tokens are valid: true, expires at: 1749728989616
[debug] [2025-06-12T11:03:08.295Z] >>> [apiv2][query] GET https://firestore.googleapis.com/v1/projects/ttv-bot-dashboard/databases/(default)/collectionGroups/-/indexes [none]
[debug] [2025-06-12T11:03:08.419Z] <<< [apiv2][status] GET https://firestore.googleapis.com/v1/projects/ttv-bot-dashboard/databases/(default)/collectionGroups/-/indexes 200
[debug] [2025-06-12T11:03:08.419Z] <<< [apiv2][body] GET https://firestore.googleapis.com/v1/projects/ttv-bot-dashboard/databases/(default)/collectionGroups/-/indexes {}
[debug] [2025-06-12T11:03:08.419Z] Checked if tokens are valid: true, expires at: 1749728989616
[debug] [2025-06-12T11:03:08.419Z] Checked if tokens are valid: true, expires at: 1749728989616
[debug] [2025-06-12T11:03:08.419Z] >>> [apiv2][query] GET https://firestore.googleapis.com/v1/projects/ttv-bot-dashboard/databases/(default)/collectionGroups/-/fields?filter=indexConfig.usesAncestorConfig=false OR ttlConfig:* [none]
[debug] [2025-06-12T11:03:08.528Z] <<< [apiv2][status] GET https://firestore.googleapis.com/v1/projects/ttv-bot-dashboard/databases/(default)/collectionGroups/-/fields?filter=indexConfig.usesAncestorConfig=false OR ttlConfig:* 200
[debug] [2025-06-12T11:03:08.528Z] <<< [apiv2][body] GET https://firestore.googleapis.com/v1/projects/ttv-bot-dashboard/databases/(default)/collectionGroups/-/fields?filter=indexConfig.usesAncestorConfig=false OR ttlConfig:* {"fields":[{"name":"projects/ttv-bot-dashboard/databases/(default)/collectionGroups/__default__/fields/*","indexConfig":{"indexes":[{"queryScope":"COLLECTION","fields":[{"fieldPath":"*","order":"ASCENDING"}],"state":"READY"},{"queryScope":"COLLECTION","fields":[{"fieldPath":"*","order":"DESCENDING"}],"state":"READY"},{"queryScope":"COLLECTION","fields":[{"fieldPath":"*","arrayConfig":"CONTAINS"}],"state":"READY"}]}}]}
[info] +  firestore: deployed indexes in firestore.indexes.json successfully for (default) database 
[debug] [2025-06-12T11:03:08.529Z] Checked if tokens are valid: true, expires at: 1749728989616
[debug] [2025-06-12T11:03:08.530Z] Checked if tokens are valid: true, expires at: 1749728989616
[debug] [2025-06-12T11:03:08.530Z] >>> [apiv2][query] GET https://cloudbilling.googleapis.com/v1/projects/ttv-bot-dashboard/billingInfo [none]
[debug] [2025-06-12T11:03:08.905Z] <<< [apiv2][status] GET https://cloudbilling.googleapis.com/v1/projects/ttv-bot-dashboard/billingInfo 200
[debug] [2025-06-12T11:03:08.905Z] <<< [apiv2][body] GET https://cloudbilling.googleapis.com/v1/projects/ttv-bot-dashboard/billingInfo {"name":"projects/ttv-bot-dashboard/billingInfo","projectId":"ttv-bot-dashboard","billingAccountName":"billingAccounts/019443-7BB8CD-1D4BCA","billingEnabled":true}
[debug] [2025-06-12T11:03:08.907Z] Checked if tokens are valid: true, expires at: 1749728989616
[debug] [2025-06-12T11:03:08.907Z] Checked if tokens are valid: true, expires at: 1749728989616
[debug] [2025-06-12T11:03:08.907Z] >>> [apiv2][query] GET https://firebasedataconnect.googleapis.com/v1/projects/ttv-bot-dashboard/locations/-/services [none]
[debug] [2025-06-12T11:03:10.049Z] <<< [apiv2][status] GET https://firebasedataconnect.googleapis.com/v1/projects/ttv-bot-dashboard/locations/-/services 200
[debug] [2025-06-12T11:03:10.049Z] <<< [apiv2][body] GET https://firebasedataconnect.googleapis.com/v1/projects/ttv-bot-dashboard/locations/-/services {}
[debug] [2025-06-12T11:03:10.049Z] Checked if tokens are valid: true, expires at: 1749728989616
[debug] [2025-06-12T11:03:10.049Z] Checked if tokens are valid: true, expires at: 1749728989616
[debug] [2025-06-12T11:03:10.050Z] >>> [apiv2][query] POST https://firebasedataconnect.googleapis.com/v1/projects/ttv-bot-dashboard/locations/us-central1/services service_id=dashboard
[debug] [2025-06-12T11:03:10.050Z] >>> [apiv2][body] POST https://firebasedataconnect.googleapis.com/v1/projects/ttv-bot-dashboard/locations/us-central1/services {"name":"projects/ttv-bot-dashboard/locations/us-central1/services/dashboard"}
[debug] [2025-06-12T11:03:13.285Z] <<< [apiv2][status] POST https://firebasedataconnect.googleapis.com/v1/projects/ttv-bot-dashboard/locations/us-central1/services 200
[debug] [2025-06-12T11:03:13.285Z] <<< [apiv2][body] POST https://firebasedataconnect.googleapis.com/v1/projects/ttv-bot-dashboard/locations/us-central1/services {"name":"projects/ttv-bot-dashboard/locations/us-central1/operations/operation-1749726190698-6375de00d016b-cb1a1b93-281fa63a","metadata":{"@type":"type.googleapis.com/google.firebase.dataconnect.v1.OperationMetadata","createTime":"2025-06-12T11:03:13.164788031Z","target":"projects/ttv-bot-dashboard/locations/us-central1/services/dashboard","verb":"create","requestedCancellation":false,"apiVersion":"v1"},"done":false}
[debug] [2025-06-12T11:03:13.286Z] Checked if tokens are valid: true, expires at: 1749728989616
[debug] [2025-06-12T11:03:13.286Z] Checked if tokens are valid: true, expires at: 1749728989616
[debug] [2025-06-12T11:03:13.286Z] >>> [apiv2][query] GET https://firebasedataconnect.googleapis.com/v1/projects/ttv-bot-dashboard/locations/us-central1/operations/operation-1749726190698-6375de00d016b-cb1a1b93-281fa63a [none]
[debug] [2025-06-12T11:03:13.472Z] <<< [apiv2][status] GET https://firebasedataconnect.googleapis.com/v1/projects/ttv-bot-dashboard/locations/us-central1/operations/operation-1749726190698-6375de00d016b-cb1a1b93-281fa63a 200
[debug] [2025-06-12T11:03:13.472Z] <<< [apiv2][body] GET https://firebasedataconnect.googleapis.com/v1/projects/ttv-bot-dashboard/locations/us-central1/operations/operation-1749726190698-6375de00d016b-cb1a1b93-281fa63a {"name":"projects/ttv-bot-dashboard/locations/us-central1/operations/operation-1749726190698-6375de00d016b-cb1a1b93-281fa63a","metadata":{"@type":"type.googleapis.com/google.firebase.dataconnect.v1.OperationMetadata","createTime":"2025-06-12T11:03:13.164788031Z","target":"projects/ttv-bot-dashboard/locations/us-central1/services/dashboard","verb":"create","requestedCancellation":false,"apiVersion":"v1"},"done":false}
[debug] [2025-06-12T11:03:13.973Z] [LRO Poller] Retrying task index 0
[debug] [2025-06-12T11:03:13.973Z] Checked if tokens are valid: true, expires at: 1749728989616
[debug] [2025-06-12T11:03:13.973Z] Checked if tokens are valid: true, expires at: 1749728989616
[debug] [2025-06-12T11:03:13.973Z] >>> [apiv2][query] GET https://firebasedataconnect.googleapis.com/v1/projects/ttv-bot-dashboard/locations/us-central1/operations/operation-1749726190698-6375de00d016b-cb1a1b93-281fa63a [none]
[debug] [2025-06-12T11:03:14.168Z] <<< [apiv2][status] GET https://firebasedataconnect.googleapis.com/v1/projects/ttv-bot-dashboard/locations/us-central1/operations/operation-1749726190698-6375de00d016b-cb1a1b93-281fa63a 200
[debug] [2025-06-12T11:03:14.168Z] <<< [apiv2][body] GET https://firebasedataconnect.googleapis.com/v1/projects/ttv-bot-dashboard/locations/us-central1/operations/operation-1749726190698-6375de00d016b-cb1a1b93-281fa63a {"name":"projects/ttv-bot-dashboard/locations/us-central1/operations/operation-1749726190698-6375de00d016b-cb1a1b93-281fa63a","metadata":{"@type":"type.googleapis.com/google.firebase.dataconnect.v1.OperationMetadata","createTime":"2025-06-12T11:03:13.164788031Z","target":"projects/ttv-bot-dashboard/locations/us-central1/services/dashboard","verb":"create","requestedCancellation":false,"apiVersion":"v1"},"done":false}
[debug] [2025-06-12T11:03:15.174Z] [LRO Poller] Retrying task index 0
[debug] [2025-06-12T11:03:15.174Z] Checked if tokens are valid: true, expires at: 1749728989616
[debug] [2025-06-12T11:03:15.174Z] Checked if tokens are valid: true, expires at: 1749728989616
[debug] [2025-06-12T11:03:15.174Z] >>> [apiv2][query] GET https://firebasedataconnect.googleapis.com/v1/projects/ttv-bot-dashboard/locations/us-central1/operations/operation-1749726190698-6375de00d016b-cb1a1b93-281fa63a [none]
[debug] [2025-06-12T11:03:15.335Z] <<< [apiv2][status] GET https://firebasedataconnect.googleapis.com/v1/projects/ttv-bot-dashboard/locations/us-central1/operations/operation-1749726190698-6375de00d016b-cb1a1b93-281fa63a 200
[debug] [2025-06-12T11:03:15.335Z] <<< [apiv2][body] GET https://firebasedataconnect.googleapis.com/v1/projects/ttv-bot-dashboard/locations/us-central1/operations/operation-1749726190698-6375de00d016b-cb1a1b93-281fa63a {"name":"projects/ttv-bot-dashboard/locations/us-central1/operations/operation-1749726190698-6375de00d016b-cb1a1b93-281fa63a","metadata":{"@type":"type.googleapis.com/google.firebase.dataconnect.v1.OperationMetadata","createTime":"2025-06-12T11:03:13.164788031Z","endTime":"2025-06-12T11:03:14.557170488Z","target":"projects/ttv-bot-dashboard/locations/us-central1/services/dashboard","verb":"create","requestedCancellation":false,"apiVersion":"v1"},"done":true,"response":{"@type":"type.googleapis.com/google.firebase.dataconnect.v1.Service","name":"projects/ttv-bot-dashboard/locations/us-central1/services/dashboard","createTime":"2025-06-12T11:03:13.160266937Z","updateTime":"2025-06-12T11:03:13.160266937Z","uid":"fe44d670-31a9-4fcf-a0ca-1b2c53555633","reconciling":false,"etag":"YyLwe6bgGXHXtSbFo76vEyFuM95J3iNXcFR8hMFY_D4"}}
[info] +  dataconnect: Created service projects/ttv-bot-dashboard/locations/us-central1/services/dashboard 
[info] i  dataconnect: Checking for CloudSQL resources... 
[debug] [2025-06-12T11:03:15.336Z] Checked if tokens are valid: true, expires at: 1749728989616
[debug] [2025-06-12T11:03:15.336Z] Checked if tokens are valid: true, expires at: 1749728989616
[debug] [2025-06-12T11:03:15.336Z] >>> [apiv2][query] GET https://sqladmin.googleapis.com/v1/projects/ttv-bot-dashboard/instances/dashboard-fdc [none]
[debug] [2025-06-12T11:03:15.714Z] <<< [apiv2][status] GET https://sqladmin.googleapis.com/v1/projects/ttv-bot-dashboard/instances/dashboard-fdc 404
[debug] [2025-06-12T11:03:15.714Z] <<< [apiv2][body] GET https://sqladmin.googleapis.com/v1/projects/ttv-bot-dashboard/instances/dashboard-fdc {"error":{"code":404,"message":"The Cloud SQL instance does not exist.","errors":[{"message":"The Cloud SQL instance does not exist.","domain":"global","reason":"instanceDoesNotExist"}]}}
[warn] !  dataconnect: Cloud SQL instances created via the Firebase CLI do not support customer managed encryption keys.
If you'd like to use a CMEK to encrypt your data, first create a CMEK encrypted instance (https://cloud.google.com/sql/docs/postgres/configure-cmek#createcmekinstance).
Then, edit your `dataconnect.yaml` file to use the encrypted instance and redeploy. 
[info] i  dataconnect: Checking Cloud SQL no cost trial eligibility... 
[debug] [2025-06-12T11:03:15.716Z] Checked if tokens are valid: true, expires at: 1749728989616
[debug] [2025-06-12T11:03:15.716Z] Checked if tokens are valid: true, expires at: 1749728989616
[debug] [2025-06-12T11:03:15.716Z] >>> [apiv2][query] GET https://monitoring.googleapis.com/v3/projects/ttv-bot-dashboard/timeSeries/ filter=metric.type%3D%22serviceruntime.googleapis.com%2Fquota%2Fallocation%2Fusage%22+AND+metric.label.quota_metric+%3D+%22sqladmin.googleapis.com%2Ffdc_lifetime_free_trial_per_project%22&interval.endTime=2025-06-12T11%3A03%3A15.716Z&interval.startTime=2025-06-05T11%3A03%3A15.716Z
[debug] [2025-06-12T11:03:19.250Z] <<< [apiv2][status] GET https://monitoring.googleapis.com/v3/projects/ttv-bot-dashboard/timeSeries/ 200
[debug] [2025-06-12T11:03:19.250Z] <<< [apiv2][body] GET https://monitoring.googleapis.com/v3/projects/ttv-bot-dashboard/timeSeries/ {"unit":"1"}
[info] +  dataconnect: CloudSQL no cost trial available! 
[info] i  dataconnect:  
[debug] [2025-06-12T11:03:19.255Z] Checked if tokens are valid: true, expires at: 1749728989616
[debug] [2025-06-12T11:03:19.255Z] Checked if tokens are valid: true, expires at: 1749728989616
[debug] [2025-06-12T11:03:19.255Z] >>> [apiv2][query] POST https://sqladmin.googleapis.com/v1/projects/ttv-bot-dashboard/instances [none]
[debug] [2025-06-12T11:03:19.255Z] >>> [apiv2][body] POST https://sqladmin.googleapis.com/v1/projects/ttv-bot-dashboard/instances {"name":"dashboard-fdc","region":"us-central1","databaseVersion":"POSTGRES_15","settings":{"tier":"db-f1-micro","edition":"ENTERPRISE","ipConfiguration":{"authorizedNetworks":[]},"enableGoogleMlIntegration":false,"databaseFlags":[{"name":"cloudsql.iam_authentication","value":"on"}],"storageAutoResize":false,"userLabels":{"firebase-data-connect":"ft"},"insightsConfig":{"queryInsightsEnabled":true,"queryPlansPerMinute":5,"queryStringLength":1024}}}
[debug] [2025-06-12T11:03:21.361Z] <<< [apiv2][status] POST https://sqladmin.googleapis.com/v1/projects/ttv-bot-dashboard/instances 200
[debug] [2025-06-12T11:03:21.361Z] <<< [apiv2][body] POST https://sqladmin.googleapis.com/v1/projects/ttv-bot-dashboard/instances {"kind":"sql#operation","targetLink":"https://sqladmin.googleapis.com/v1/projects/ttv-bot-dashboard/instances/dashboard-fdc","status":"PENDING","user":"vicbek8@gmail.com","insertTime":"2025-06-12T11:03:21.238Z","operationType":"CREATE","name":"8a19c0f7-d1d6-4da3-858c-b0e400000032","targetId":"dashboard-fdc","selfLink":"https://sqladmin.googleapis.com/v1/projects/ttv-bot-dashboard/operations/8a19c0f7-d1d6-4da3-858c-b0e400000032","targetProject":"ttv-bot-dashboard"}
[debug] [2025-06-12T11:03:21.362Z] Checked if tokens are valid: true, expires at: 1749728989616
[debug] [2025-06-12T11:03:21.362Z] Checked if tokens are valid: true, expires at: 1749728989616
[debug] [2025-06-12T11:03:21.362Z] >>> [apiv2][query] GET https://sqladmin.googleapis.com/v1/projects/ttv-bot-dashboard/operations/8a19c0f7-d1d6-4da3-858c-b0e400000032 [none]
[debug] [2025-06-12T11:03:21.768Z] <<< [apiv2][status] GET https://sqladmin.googleapis.com/v1/projects/ttv-bot-dashboard/operations/8a19c0f7-d1d6-4da3-858c-b0e400000032 200
[debug] [2025-06-12T11:03:21.768Z] <<< [apiv2][body] GET https://sqladmin.googleapis.com/v1/projects/ttv-bot-dashboard/operations/8a19c0f7-d1d6-4da3-858c-b0e400000032 {"kind":"sql#operation","targetLink":"https://sqladmin.googleapis.com/v1/projects/ttv-bot-dashboard/instances/dashboard-fdc","status":"RUNNING","user":"vicbek8@gmail.com","insertTime":"2025-06-12T11:03:21.238Z","startTime":"2025-06-12T11:03:21.361Z","operationType":"CREATE","name":"8a19c0f7-d1d6-4da3-858c-b0e400000032","targetId":"dashboard-fdc","selfLink":"https://sqladmin.googleapis.com/v1/projects/ttv-bot-dashboard/operations/8a19c0f7-d1d6-4da3-858c-b0e400000032","targetProject":"ttv-bot-dashboard"}
[debug] [2025-06-12T11:03:22.278Z] [LRO Poller] Retrying task index 0
[debug] [2025-06-12T11:03:22.278Z] Checked if tokens are valid: true, expires at: 1749728989616
[debug] [2025-06-12T11:03:22.278Z] Checked if tokens are valid: true, expires at: 1749728989616
[debug] [2025-06-12T11:03:22.278Z] >>> [apiv2][query] GET https://sqladmin.googleapis.com/v1/projects/ttv-bot-dashboard/operations/8a19c0f7-d1d6-4da3-858c-b0e400000032 [none]
[debug] [2025-06-12T11:03:22.616Z] <<< [apiv2][status] GET https://sqladmin.googleapis.com/v1/projects/ttv-bot-dashboard/operations/8a19c0f7-d1d6-4da3-858c-b0e400000032 200
[debug] [2025-06-12T11:03:22.617Z] <<< [apiv2][body] GET https://sqladmin.googleapis.com/v1/projects/ttv-bot-dashboard/operations/8a19c0f7-d1d6-4da3-858c-b0e400000032 {"kind":"sql#operation","targetLink":"https://sqladmin.googleapis.com/v1/projects/ttv-bot-dashboard/instances/dashboard-fdc","status":"RUNNING","user":"vicbek8@gmail.com","insertTime":"2025-06-12T11:03:21.238Z","startTime":"2025-06-12T11:03:21.361Z","operationType":"CREATE","name":"8a19c0f7-d1d6-4da3-858c-b0e400000032","targetId":"dashboard-fdc","selfLink":"https://sqladmin.googleapis.com/v1/projects/ttv-bot-dashboard/operations/8a19c0f7-d1d6-4da3-858c-b0e400000032","targetProject":"ttv-bot-dashboard"}
[debug] [2025-06-12T11:03:23.630Z] [LRO Poller] Retrying task index 0
[debug] [2025-06-12T11:03:23.630Z] Checked if tokens are valid: true, expires at: 1749728989616
[debug] [2025-06-12T11:03:23.630Z] Checked if tokens are valid: true, expires at: 1749728989616
[debug] [2025-06-12T11:03:23.630Z] >>> [apiv2][query] GET https://sqladmin.googleapis.com/v1/projects/ttv-bot-dashboard/operations/8a19c0f7-d1d6-4da3-858c-b0e400000032 [none]
[debug] [2025-06-12T11:03:23.974Z] <<< [apiv2][status] GET https://sqladmin.googleapis.com/v1/projects/ttv-bot-dashboard/operations/8a19c0f7-d1d6-4da3-858c-b0e400000032 200
[debug] [2025-06-12T11:03:23.974Z] <<< [apiv2][body] GET https://sqladmin.googleapis.com/v1/projects/ttv-bot-dashboard/operations/8a19c0f7-d1d6-4da3-858c-b0e400000032 {"kind":"sql#operation","targetLink":"https://sqladmin.googleapis.com/v1/projects/ttv-bot-dashboard/instances/dashboard-fdc","status":"RUNNING","user":"vicbek8@gmail.com","insertTime":"2025-06-12T11:03:21.238Z","startTime":"2025-06-12T11:03:21.361Z","operationType":"CREATE","name":"8a19c0f7-d1d6-4da3-858c-b0e400000032","targetId":"dashboard-fdc","selfLink":"https://sqladmin.googleapis.com/v1/projects/ttv-bot-dashboard/operations/8a19c0f7-d1d6-4da3-858c-b0e400000032","targetProject":"ttv-bot-dashboard"}
[debug] [2025-06-12T11:03:25.988Z] [LRO Poller] Retrying task index 0
[debug] [2025-06-12T11:03:25.989Z] Checked if tokens are valid: true, expires at: 1749728989616
[debug] [2025-06-12T11:03:25.989Z] Checked if tokens are valid: true, expires at: 1749728989616
[debug] [2025-06-12T11:03:25.989Z] >>> [apiv2][query] GET https://sqladmin.googleapis.com/v1/projects/ttv-bot-dashboard/operations/8a19c0f7-d1d6-4da3-858c-b0e400000032 [none]
[debug] [2025-06-12T11:03:26.331Z] <<< [apiv2][status] GET https://sqladmin.googleapis.com/v1/projects/ttv-bot-dashboard/operations/8a19c0f7-d1d6-4da3-858c-b0e400000032 200
[debug] [2025-06-12T11:03:26.331Z] <<< [apiv2][body] GET https://sqladmin.googleapis.com/v1/projects/ttv-bot-dashboard/operations/8a19c0f7-d1d6-4da3-858c-b0e400000032 {"kind":"sql#operation","targetLink":"https://sqladmin.googleapis.com/v1/projects/ttv-bot-dashboard/instances/dashboard-fdc","status":"RUNNING","user":"vicbek8@gmail.com","insertTime":"2025-06-12T11:03:21.238Z","startTime":"2025-06-12T11:03:21.361Z","operationType":"CREATE","name":"8a19c0f7-d1d6-4da3-858c-b0e400000032","targetId":"dashboard-fdc","selfLink":"https://sqladmin.googleapis.com/v1/projects/ttv-bot-dashboard/operations/8a19c0f7-d1d6-4da3-858c-b0e400000032","targetProject":"ttv-bot-dashboard"}
[debug] [2025-06-12T11:03:30.345Z] [LRO Poller] Retrying task index 0
[debug] [2025-06-12T11:03:30.345Z] Checked if tokens are valid: true, expires at: 1749728989616
[debug] [2025-06-12T11:03:30.345Z] Checked if tokens are valid: true, expires at: 1749728989616
[debug] [2025-06-12T11:03:30.345Z] >>> [apiv2][query] GET https://sqladmin.googleapis.com/v1/projects/ttv-bot-dashboard/operations/8a19c0f7-d1d6-4da3-858c-b0e400000032 [none]
[debug] [2025-06-12T11:03:30.667Z] <<< [apiv2][status] GET https://sqladmin.googleapis.com/v1/projects/ttv-bot-dashboard/operations/8a19c0f7-d1d6-4da3-858c-b0e400000032 200
[debug] [2025-06-12T11:03:30.667Z] <<< [apiv2][body] GET https://sqladmin.googleapis.com/v1/projects/ttv-bot-dashboard/operations/8a19c0f7-d1d6-4da3-858c-b0e400000032 {"kind":"sql#operation","targetLink":"https://sqladmin.googleapis.com/v1/projects/ttv-bot-dashboard/instances/dashboard-fdc","status":"RUNNING","user":"vicbek8@gmail.com","insertTime":"2025-06-12T11:03:21.238Z","startTime":"2025-06-12T11:03:21.361Z","operationType":"CREATE","name":"8a19c0f7-d1d6-4da3-858c-b0e400000032","targetId":"dashboard-fdc","selfLink":"https://sqladmin.googleapis.com/v1/projects/ttv-bot-dashboard/operations/8a19c0f7-d1d6-4da3-858c-b0e400000032","targetProject":"ttv-bot-dashboard"}
[debug] [2025-06-12T11:03:38.671Z] [LRO Poller] Retrying task index 0
[debug] [2025-06-12T11:03:38.671Z] Checked if tokens are valid: true, expires at: 1749728989616
[debug] [2025-06-12T11:03:38.671Z] Checked if tokens are valid: true, expires at: 1749728989616
[debug] [2025-06-12T11:03:38.671Z] >>> [apiv2][query] GET https://sqladmin.googleapis.com/v1/projects/ttv-bot-dashboard/operations/8a19c0f7-d1d6-4da3-858c-b0e400000032 [none]
[debug] [2025-06-12T11:03:39.038Z] <<< [apiv2][status] GET https://sqladmin.googleapis.com/v1/projects/ttv-bot-dashboard/operations/8a19c0f7-d1d6-4da3-858c-b0e400000032 200
[debug] [2025-06-12T11:03:39.038Z] <<< [apiv2][body] GET https://sqladmin.googleapis.com/v1/projects/ttv-bot-dashboard/operations/8a19c0f7-d1d6-4da3-858c-b0e400000032 {"kind":"sql#operation","targetLink":"https://sqladmin.googleapis.com/v1/projects/ttv-bot-dashboard/instances/dashboard-fdc","status":"RUNNING","user":"vicbek8@gmail.com","insertTime":"2025-06-12T11:03:21.238Z","startTime":"2025-06-12T11:03:21.361Z","operationType":"CREATE","name":"8a19c0f7-d1d6-4da3-858c-b0e400000032","targetId":"dashboard-fdc","selfLink":"https://sqladmin.googleapis.com/v1/projects/ttv-bot-dashboard/operations/8a19c0f7-d1d6-4da3-858c-b0e400000032","targetProject":"ttv-bot-dashboard"}
[debug] [2025-06-12T11:03:55.039Z] [LRO Poller] Retrying task index 0
[debug] [2025-06-12T11:03:55.039Z] Checked if tokens are valid: true, expires at: 1749728989616
[debug] [2025-06-12T11:03:55.039Z] Checked if tokens are valid: true, expires at: 1749728989616
[debug] [2025-06-12T11:03:55.039Z] >>> [apiv2][query] GET https://sqladmin.googleapis.com/v1/projects/ttv-bot-dashboard/operations/8a19c0f7-d1d6-4da3-858c-b0e400000032 [none]
[debug] [2025-06-12T11:03:55.425Z] <<< [apiv2][status] GET https://sqladmin.googleapis.com/v1/projects/ttv-bot-dashboard/operations/8a19c0f7-d1d6-4da3-858c-b0e400000032 200
[debug] [2025-06-12T11:03:55.425Z] <<< [apiv2][body] GET https://sqladmin.googleapis.com/v1/projects/ttv-bot-dashboard/operations/8a19c0f7-d1d6-4da3-858c-b0e400000032 {"kind":"sql#operation","targetLink":"https://sqladmin.googleapis.com/v1/projects/ttv-bot-dashboard/instances/dashboard-fdc","status":"RUNNING","user":"vicbek8@gmail.com","insertTime":"2025-06-12T11:03:21.238Z","startTime":"2025-06-12T11:03:21.361Z","operationType":"CREATE","name":"8a19c0f7-d1d6-4da3-858c-b0e400000032","targetId":"dashboard-fdc","selfLink":"https://sqladmin.googleapis.com/v1/projects/ttv-bot-dashboard/operations/8a19c0f7-d1d6-4da3-858c-b0e400000032","targetProject":"ttv-bot-dashboard"}
[debug] [2025-06-12T11:04:27.428Z] [LRO Poller] Retrying task index 0
[debug] [2025-06-12T11:04:27.429Z] Checked if tokens are valid: true, expires at: 1749728989616
[debug] [2025-06-12T11:04:27.429Z] Checked if tokens are valid: true, expires at: 1749728989616
[debug] [2025-06-12T11:04:27.429Z] >>> [apiv2][query] GET https://sqladmin.googleapis.com/v1/projects/ttv-bot-dashboard/operations/8a19c0f7-d1d6-4da3-858c-b0e400000032 [none]
[debug] [2025-06-12T11:04:27.822Z] <<< [apiv2][status] GET https://sqladmin.googleapis.com/v1/projects/ttv-bot-dashboard/operations/8a19c0f7-d1d6-4da3-858c-b0e400000032 200
[debug] [2025-06-12T11:04:27.822Z] <<< [apiv2][body] GET https://sqladmin.googleapis.com/v1/projects/ttv-bot-dashboard/operations/8a19c0f7-d1d6-4da3-858c-b0e400000032 {"kind":"sql#operation","targetLink":"https://sqladmin.googleapis.com/v1/projects/ttv-bot-dashboard/instances/dashboard-fdc","status":"RUNNING","user":"vicbek8@gmail.com","insertTime":"2025-06-12T11:03:21.238Z","startTime":"2025-06-12T11:03:21.361Z","operationType":"CREATE","name":"8a19c0f7-d1d6-4da3-858c-b0e400000032","targetId":"dashboard-fdc","selfLink":"https://sqladmin.googleapis.com/v1/projects/ttv-bot-dashboard/operations/8a19c0f7-d1d6-4da3-858c-b0e400000032","targetProject":"ttv-bot-dashboard"}
[debug] [2025-06-12T11:05:27.828Z] [LRO Poller] Retrying task index 0
[debug] [2025-06-12T11:05:27.828Z] Checked if tokens are valid: true, expires at: 1749728989616
[debug] [2025-06-12T11:05:27.828Z] Checked if tokens are valid: true, expires at: 1749728989616
[debug] [2025-06-12T11:05:27.828Z] >>> [apiv2][query] GET https://sqladmin.googleapis.com/v1/projects/ttv-bot-dashboard/operations/8a19c0f7-d1d6-4da3-858c-b0e400000032 [none]
[debug] [2025-06-12T11:05:28.221Z] <<< [apiv2][status] GET https://sqladmin.googleapis.com/v1/projects/ttv-bot-dashboard/operations/8a19c0f7-d1d6-4da3-858c-b0e400000032 200
[debug] [2025-06-12T11:05:28.221Z] <<< [apiv2][body] GET https://sqladmin.googleapis.com/v1/projects/ttv-bot-dashboard/operations/8a19c0f7-d1d6-4da3-858c-b0e400000032 {"kind":"sql#operation","targetLink":"https://sqladmin.googleapis.com/v1/projects/ttv-bot-dashboard/instances/dashboard-fdc","status":"RUNNING","user":"vicbek8@gmail.com","insertTime":"2025-06-12T11:03:21.238Z","startTime":"2025-06-12T11:03:21.361Z","operationType":"CREATE","name":"8a19c0f7-d1d6-4da3-858c-b0e400000032","targetId":"dashboard-fdc","selfLink":"https://sqladmin.googleapis.com/v1/projects/ttv-bot-dashboard/operations/8a19c0f7-d1d6-4da3-858c-b0e400000032","targetProject":"ttv-bot-dashboard"}
[debug] [2025-06-12T11:06:28.227Z] [LRO Poller] Retrying task index 0
[debug] [2025-06-12T11:06:28.227Z] Checked if tokens are valid: true, expires at: 1749728989616
[debug] [2025-06-12T11:06:28.227Z] Checked if tokens are valid: true, expires at: 1749728989616
[debug] [2025-06-12T11:06:28.228Z] >>> [apiv2][query] GET https://sqladmin.googleapis.com/v1/projects/ttv-bot-dashboard/operations/8a19c0f7-d1d6-4da3-858c-b0e400000032 [none]
[debug] [2025-06-12T11:06:28.641Z] <<< [apiv2][status] GET https://sqladmin.googleapis.com/v1/projects/ttv-bot-dashboard/operations/8a19c0f7-d1d6-4da3-858c-b0e400000032 200
[debug] [2025-06-12T11:06:28.642Z] <<< [apiv2][body] GET https://sqladmin.googleapis.com/v1/projects/ttv-bot-dashboard/operations/8a19c0f7-d1d6-4da3-858c-b0e400000032 {"kind":"sql#operation","targetLink":"https://sqladmin.googleapis.com/v1/projects/ttv-bot-dashboard/instances/dashboard-fdc","status":"RUNNING","user":"vicbek8@gmail.com","insertTime":"2025-06-12T11:03:21.238Z","startTime":"2025-06-12T11:03:21.361Z","operationType":"CREATE","name":"8a19c0f7-d1d6-4da3-858c-b0e400000032","targetId":"dashboard-fdc","selfLink":"https://sqladmin.googleapis.com/v1/projects/ttv-bot-dashboard/operations/8a19c0f7-d1d6-4da3-858c-b0e400000032","targetProject":"ttv-bot-dashboard"}
[debug] [2025-06-12T11:07:28.642Z] [LRO Poller] Retrying task index 0
[debug] [2025-06-12T11:07:28.643Z] Checked if tokens are valid: true, expires at: 1749728989616
[debug] [2025-06-12T11:07:28.643Z] Checked if tokens are valid: true, expires at: 1749728989616
[debug] [2025-06-12T11:07:28.643Z] >>> [apiv2][query] GET https://sqladmin.googleapis.com/v1/projects/ttv-bot-dashboard/operations/8a19c0f7-d1d6-4da3-858c-b0e400000032 [none]
[debug] [2025-06-12T11:07:29.037Z] <<< [apiv2][status] GET https://sqladmin.googleapis.com/v1/projects/ttv-bot-dashboard/operations/8a19c0f7-d1d6-4da3-858c-b0e400000032 200
[debug] [2025-06-12T11:07:29.037Z] <<< [apiv2][body] GET https://sqladmin.googleapis.com/v1/projects/ttv-bot-dashboard/operations/8a19c0f7-d1d6-4da3-858c-b0e400000032 {"kind":"sql#operation","targetLink":"https://sqladmin.googleapis.com/v1/projects/ttv-bot-dashboard/instances/dashboard-fdc","status":"RUNNING","user":"vicbek8@gmail.com","insertTime":"2025-06-12T11:03:21.238Z","startTime":"2025-06-12T11:03:21.361Z","operationType":"CREATE","name":"8a19c0f7-d1d6-4da3-858c-b0e400000032","targetId":"dashboard-fdc","selfLink":"https://sqladmin.googleapis.com/v1/projects/ttv-bot-dashboard/operations/8a19c0f7-d1d6-4da3-858c-b0e400000032","targetProject":"ttv-bot-dashboard"}
[debug] [2025-06-12T11:08:29.045Z] [LRO Poller] Retrying task index 0
[debug] [2025-06-12T11:08:29.046Z] Checked if tokens are valid: true, expires at: 1749728989616
[debug] [2025-06-12T11:08:29.046Z] Checked if tokens are valid: true, expires at: 1749728989616
[debug] [2025-06-12T11:08:29.046Z] >>> [apiv2][query] GET https://sqladmin.googleapis.com/v1/projects/ttv-bot-dashboard/operations/8a19c0f7-d1d6-4da3-858c-b0e400000032 [none]
[debug] [2025-06-12T11:08:29.530Z] <<< [apiv2][status] GET https://sqladmin.googleapis.com/v1/projects/ttv-bot-dashboard/operations/8a19c0f7-d1d6-4da3-858c-b0e400000032 200
[debug] [2025-06-12T11:08:29.530Z] <<< [apiv2][body] GET https://sqladmin.googleapis.com/v1/projects/ttv-bot-dashboard/operations/8a19c0f7-d1d6-4da3-858c-b0e400000032 {"kind":"sql#operation","targetLink":"https://sqladmin.googleapis.com/v1/projects/ttv-bot-dashboard/instances/dashboard-fdc","status":"RUNNING","user":"vicbek8@gmail.com","insertTime":"2025-06-12T11:03:21.238Z","startTime":"2025-06-12T11:03:21.361Z","operationType":"CREATE","name":"8a19c0f7-d1d6-4da3-858c-b0e400000032","targetId":"dashboard-fdc","selfLink":"https://sqladmin.googleapis.com/v1/projects/ttv-bot-dashboard/operations/8a19c0f7-d1d6-4da3-858c-b0e400000032","targetProject":"ttv-bot-dashboard"}
[debug] [2025-06-12T11:09:29.533Z] [LRO Poller] Retrying task index 0
[debug] [2025-06-12T11:09:29.533Z] Checked if tokens are valid: true, expires at: 1749728989616
[debug] [2025-06-12T11:09:29.533Z] Checked if tokens are valid: true, expires at: 1749728989616
[debug] [2025-06-12T11:09:29.533Z] >>> [apiv2][query] GET https://sqladmin.googleapis.com/v1/projects/ttv-bot-dashboard/operations/8a19c0f7-d1d6-4da3-858c-b0e400000032 [none]
[debug] [2025-06-12T11:09:29.909Z] <<< [apiv2][status] GET https://sqladmin.googleapis.com/v1/projects/ttv-bot-dashboard/operations/8a19c0f7-d1d6-4da3-858c-b0e400000032 200
[debug] [2025-06-12T11:09:29.909Z] <<< [apiv2][body] GET https://sqladmin.googleapis.com/v1/projects/ttv-bot-dashboard/operations/8a19c0f7-d1d6-4da3-858c-b0e400000032 {"kind":"sql#operation","targetLink":"https://sqladmin.googleapis.com/v1/projects/ttv-bot-dashboard/instances/dashboard-fdc","status":"RUNNING","user":"vicbek8@gmail.com","insertTime":"2025-06-12T11:03:21.238Z","startTime":"2025-06-12T11:03:21.361Z","operationType":"CREATE","name":"8a19c0f7-d1d6-4da3-858c-b0e400000032","targetId":"dashboard-fdc","selfLink":"https://sqladmin.googleapis.com/v1/projects/ttv-bot-dashboard/operations/8a19c0f7-d1d6-4da3-858c-b0e400000032","targetProject":"ttv-bot-dashboard"}
[debug] [2025-06-12T11:10:29.905Z] [LRO Poller] Retrying task index 0
[debug] [2025-06-12T11:10:29.905Z] Checked if tokens are valid: true, expires at: 1749728989616
[debug] [2025-06-12T11:10:29.905Z] Checked if tokens are valid: true, expires at: 1749728989616
[debug] [2025-06-12T11:10:29.905Z] >>> [apiv2][query] GET https://sqladmin.googleapis.com/v1/projects/ttv-bot-dashboard/operations/8a19c0f7-d1d6-4da3-858c-b0e400000032 [none]
[debug] [2025-06-12T11:10:30.291Z] <<< [apiv2][status] GET https://sqladmin.googleapis.com/v1/projects/ttv-bot-dashboard/operations/8a19c0f7-d1d6-4da3-858c-b0e400000032 200
[debug] [2025-06-12T11:10:30.291Z] <<< [apiv2][body] GET https://sqladmin.googleapis.com/v1/projects/ttv-bot-dashboard/operations/8a19c0f7-d1d6-4da3-858c-b0e400000032 {"kind":"sql#operation","targetLink":"https://sqladmin.googleapis.com/v1/projects/ttv-bot-dashboard/instances/dashboard-fdc","status":"RUNNING","user":"vicbek8@gmail.com","insertTime":"2025-06-12T11:03:21.238Z","startTime":"2025-06-12T11:03:21.361Z","operationType":"CREATE","name":"8a19c0f7-d1d6-4da3-858c-b0e400000032","targetId":"dashboard-fdc","selfLink":"https://sqladmin.googleapis.com/v1/projects/ttv-bot-dashboard/operations/8a19c0f7-d1d6-4da3-858c-b0e400000032","targetProject":"ttv-bot-dashboard"}
[debug] [2025-06-12T11:11:30.292Z] [LRO Poller] Retrying task index 0
[debug] [2025-06-12T11:11:30.293Z] Checked if tokens are valid: true, expires at: 1749728989616
[debug] [2025-06-12T11:11:30.293Z] Checked if tokens are valid: true, expires at: 1749728989616
[debug] [2025-06-12T11:11:30.293Z] >>> [apiv2][query] GET https://sqladmin.googleapis.com/v1/projects/ttv-bot-dashboard/operations/8a19c0f7-d1d6-4da3-858c-b0e400000032 [none]
[debug] [2025-06-12T11:11:30.673Z] <<< [apiv2][status] GET https://sqladmin.googleapis.com/v1/projects/ttv-bot-dashboard/operations/8a19c0f7-d1d6-4da3-858c-b0e400000032 200
[debug] [2025-06-12T11:11:30.673Z] <<< [apiv2][body] GET https://sqladmin.googleapis.com/v1/projects/ttv-bot-dashboard/operations/8a19c0f7-d1d6-4da3-858c-b0e400000032 {"kind":"sql#operation","targetLink":"https://sqladmin.googleapis.com/v1/projects/ttv-bot-dashboard/instances/dashboard-fdc","status":"RUNNING","user":"vicbek8@gmail.com","insertTime":"2025-06-12T11:03:21.238Z","startTime":"2025-06-12T11:03:21.361Z","operationType":"CREATE","name":"8a19c0f7-d1d6-4da3-858c-b0e400000032","targetId":"dashboard-fdc","selfLink":"https://sqladmin.googleapis.com/v1/projects/ttv-bot-dashboard/operations/8a19c0f7-d1d6-4da3-858c-b0e400000032","targetProject":"ttv-bot-dashboard"}
[debug] [2025-06-12T11:12:30.674Z] [LRO Poller] Retrying task index 0
[debug] [2025-06-12T11:12:30.674Z] Checked if tokens are valid: true, expires at: 1749728989616
[debug] [2025-06-12T11:12:30.675Z] Checked if tokens are valid: true, expires at: 1749728989616
[debug] [2025-06-12T11:12:30.675Z] >>> [apiv2][query] GET https://sqladmin.googleapis.com/v1/projects/ttv-bot-dashboard/operations/8a19c0f7-d1d6-4da3-858c-b0e400000032 [none]
[debug] [2025-06-12T11:12:31.069Z] <<< [apiv2][status] GET https://sqladmin.googleapis.com/v1/projects/ttv-bot-dashboard/operations/8a19c0f7-d1d6-4da3-858c-b0e400000032 200
[debug] [2025-06-12T11:12:31.070Z] <<< [apiv2][body] GET https://sqladmin.googleapis.com/v1/projects/ttv-bot-dashboard/operations/8a19c0f7-d1d6-4da3-858c-b0e400000032 {"kind":"sql#operation","targetLink":"https://sqladmin.googleapis.com/v1/projects/ttv-bot-dashboard/instances/dashboard-fdc","status":"RUNNING","user":"vicbek8@gmail.com","insertTime":"2025-06-12T11:03:21.238Z","startTime":"2025-06-12T11:03:21.361Z","operationType":"CREATE","name":"8a19c0f7-d1d6-4da3-858c-b0e400000032","targetId":"dashboard-fdc","selfLink":"https://sqladmin.googleapis.com/v1/projects/ttv-bot-dashboard/operations/8a19c0f7-d1d6-4da3-858c-b0e400000032","targetProject":"ttv-bot-dashboard"}
[debug] [2025-06-12T11:13:31.068Z] [LRO Poller] Retrying task index 0
[debug] [2025-06-12T11:13:31.068Z] Checked if tokens are valid: true, expires at: 1749728989616
[debug] [2025-06-12T11:13:31.068Z] Checked if tokens are valid: true, expires at: 1749728989616
[debug] [2025-06-12T11:13:31.068Z] >>> [apiv2][query] GET https://sqladmin.googleapis.com/v1/projects/ttv-bot-dashboard/operations/8a19c0f7-d1d6-4da3-858c-b0e400000032 [none]
[debug] [2025-06-12T11:13:31.545Z] <<< [apiv2][status] GET https://sqladmin.googleapis.com/v1/projects/ttv-bot-dashboard/operations/8a19c0f7-d1d6-4da3-858c-b0e400000032 200
[debug] [2025-06-12T11:13:31.545Z] <<< [apiv2][body] GET https://sqladmin.googleapis.com/v1/projects/ttv-bot-dashboard/operations/8a19c0f7-d1d6-4da3-858c-b0e400000032 {"kind":"sql#operation","targetLink":"https://sqladmin.googleapis.com/v1/projects/ttv-bot-dashboard/instances/dashboard-fdc","status":"RUNNING","user":"vicbek8@gmail.com","insertTime":"2025-06-12T11:03:21.238Z","startTime":"2025-06-12T11:03:21.361Z","operationType":"CREATE","name":"8a19c0f7-d1d6-4da3-858c-b0e400000032","targetId":"dashboard-fdc","selfLink":"https://sqladmin.googleapis.com/v1/projects/ttv-bot-dashboard/operations/8a19c0f7-d1d6-4da3-858c-b0e400000032","targetProject":"ttv-bot-dashboard"}
[debug] [2025-06-12T11:14:31.547Z] [LRO Poller] Retrying task index 0
[debug] [2025-06-12T11:14:31.547Z] Checked if tokens are valid: true, expires at: 1749728989616
[debug] [2025-06-12T11:14:31.547Z] Checked if tokens are valid: true, expires at: 1749728989616
[debug] [2025-06-12T11:14:31.547Z] >>> [apiv2][query] GET https://sqladmin.googleapis.com/v1/projects/ttv-bot-dashboard/operations/8a19c0f7-d1d6-4da3-858c-b0e400000032 [none]
[debug] [2025-06-12T11:14:31.944Z] <<< [apiv2][status] GET https://sqladmin.googleapis.com/v1/projects/ttv-bot-dashboard/operations/8a19c0f7-d1d6-4da3-858c-b0e400000032 200
[debug] [2025-06-12T11:14:31.944Z] <<< [apiv2][body] GET https://sqladmin.googleapis.com/v1/projects/ttv-bot-dashboard/operations/8a19c0f7-d1d6-4da3-858c-b0e400000032 {"kind":"sql#operation","targetLink":"https://sqladmin.googleapis.com/v1/projects/ttv-bot-dashboard/instances/dashboard-fdc","status":"RUNNING","user":"vicbek8@gmail.com","insertTime":"2025-06-12T11:03:21.238Z","startTime":"2025-06-12T11:03:21.361Z","operationType":"CREATE","name":"8a19c0f7-d1d6-4da3-858c-b0e400000032","targetId":"dashboard-fdc","selfLink":"https://sqladmin.googleapis.com/v1/projects/ttv-bot-dashboard/operations/8a19c0f7-d1d6-4da3-858c-b0e400000032","targetProject":"ttv-bot-dashboard"}
[debug] [2025-06-12T11:15:31.944Z] [LRO Poller] Retrying task index 0
[debug] [2025-06-12T11:15:31.944Z] Checked if tokens are valid: true, expires at: 1749728989616
[debug] [2025-06-12T11:15:31.944Z] Checked if tokens are valid: true, expires at: 1749728989616
[debug] [2025-06-12T11:15:31.944Z] >>> [apiv2][query] GET https://sqladmin.googleapis.com/v1/projects/ttv-bot-dashboard/operations/8a19c0f7-d1d6-4da3-858c-b0e400000032 [none]
[debug] [2025-06-12T11:15:32.339Z] <<< [apiv2][status] GET https://sqladmin.googleapis.com/v1/projects/ttv-bot-dashboard/operations/8a19c0f7-d1d6-4da3-858c-b0e400000032 200
[debug] [2025-06-12T11:15:32.339Z] <<< [apiv2][body] GET https://sqladmin.googleapis.com/v1/projects/ttv-bot-dashboard/operations/8a19c0f7-d1d6-4da3-858c-b0e400000032 {"kind":"sql#operation","targetLink":"https://sqladmin.googleapis.com/v1/projects/ttv-bot-dashboard/instances/dashboard-fdc","status":"RUNNING","user":"vicbek8@gmail.com","insertTime":"2025-06-12T11:03:21.238Z","startTime":"2025-06-12T11:03:21.361Z","operationType":"CREATE","name":"8a19c0f7-d1d6-4da3-858c-b0e400000032","targetId":"dashboard-fdc","selfLink":"https://sqladmin.googleapis.com/v1/projects/ttv-bot-dashboard/operations/8a19c0f7-d1d6-4da3-858c-b0e400000032","targetProject":"ttv-bot-dashboard"}
[debug] [2025-06-12T11:16:32.339Z] [LRO Poller] Retrying task index 0
[debug] [2025-06-12T11:16:32.339Z] Checked if tokens are valid: true, expires at: 1749728989616
[debug] [2025-06-12T11:16:32.339Z] Checked if tokens are valid: true, expires at: 1749728989616
[debug] [2025-06-12T11:16:32.339Z] >>> [apiv2][query] GET https://sqladmin.googleapis.com/v1/projects/ttv-bot-dashboard/operations/8a19c0f7-d1d6-4da3-858c-b0e400000032 [none]
[debug] [2025-06-12T11:16:32.739Z] <<< [apiv2][status] GET https://sqladmin.googleapis.com/v1/projects/ttv-bot-dashboard/operations/8a19c0f7-d1d6-4da3-858c-b0e400000032 200
[debug] [2025-06-12T11:16:32.740Z] <<< [apiv2][body] GET https://sqladmin.googleapis.com/v1/projects/ttv-bot-dashboard/operations/8a19c0f7-d1d6-4da3-858c-b0e400000032 {"kind":"sql#operation","targetLink":"https://sqladmin.googleapis.com/v1/projects/ttv-bot-dashboard/instances/dashboard-fdc","status":"RUNNING","user":"vicbek8@gmail.com","insertTime":"2025-06-12T11:03:21.238Z","startTime":"2025-06-12T11:03:21.361Z","operationType":"CREATE","name":"8a19c0f7-d1d6-4da3-858c-b0e400000032","targetId":"dashboard-fdc","selfLink":"https://sqladmin.googleapis.com/v1/projects/ttv-bot-dashboard/operations/8a19c0f7-d1d6-4da3-858c-b0e400000032","targetProject":"ttv-bot-dashboard"}
[debug] [2025-06-12T11:17:32.748Z] [LRO Poller] Retrying task index 0
[debug] [2025-06-12T11:17:32.749Z] Checked if tokens are valid: true, expires at: 1749728989616
[debug] [2025-06-12T11:17:32.749Z] Checked if tokens are valid: true, expires at: 1749728989616
[debug] [2025-06-12T11:17:32.749Z] >>> [apiv2][query] GET https://sqladmin.googleapis.com/v1/projects/ttv-bot-dashboard/operations/8a19c0f7-d1d6-4da3-858c-b0e400000032 [none]
[debug] [2025-06-12T11:17:33.137Z] <<< [apiv2][status] GET https://sqladmin.googleapis.com/v1/projects/ttv-bot-dashboard/operations/8a19c0f7-d1d6-4da3-858c-b0e400000032 200
[debug] [2025-06-12T11:17:33.137Z] <<< [apiv2][body] GET https://sqladmin.googleapis.com/v1/projects/ttv-bot-dashboard/operations/8a19c0f7-d1d6-4da3-858c-b0e400000032 {"kind":"sql#operation","targetLink":"https://sqladmin.googleapis.com/v1/projects/ttv-bot-dashboard/instances/dashboard-fdc","status":"RUNNING","user":"vicbek8@gmail.com","insertTime":"2025-06-12T11:03:21.238Z","startTime":"2025-06-12T11:03:21.361Z","operationType":"CREATE","name":"8a19c0f7-d1d6-4da3-858c-b0e400000032","targetId":"dashboard-fdc","selfLink":"https://sqladmin.googleapis.com/v1/projects/ttv-bot-dashboard/operations/8a19c0f7-d1d6-4da3-858c-b0e400000032","targetProject":"ttv-bot-dashboard"}
[debug] [2025-06-12T11:18:33.151Z] [LRO Poller] Retrying task index 0
[debug] [2025-06-12T11:18:33.151Z] Checked if tokens are valid: true, expires at: 1749728989616
[debug] [2025-06-12T11:18:33.151Z] Checked if tokens are valid: true, expires at: 1749728989616
[debug] [2025-06-12T11:18:33.151Z] >>> [apiv2][query] GET https://sqladmin.googleapis.com/v1/projects/ttv-bot-dashboard/operations/8a19c0f7-d1d6-4da3-858c-b0e400000032 [none]
[debug] [2025-06-12T11:18:33.596Z] <<< [apiv2][status] GET https://sqladmin.googleapis.com/v1/projects/ttv-bot-dashboard/operations/8a19c0f7-d1d6-4da3-858c-b0e400000032 200
[debug] [2025-06-12T11:18:33.596Z] <<< [apiv2][body] GET https://sqladmin.googleapis.com/v1/projects/ttv-bot-dashboard/operations/8a19c0f7-d1d6-4da3-858c-b0e400000032 {"kind":"sql#operation","targetLink":"https://sqladmin.googleapis.com/v1/projects/ttv-bot-dashboard/instances/dashboard-fdc","status":"RUNNING","user":"vicbek8@gmail.com","insertTime":"2025-06-12T11:03:21.238Z","startTime":"2025-06-12T11:03:21.361Z","operationType":"CREATE","name":"8a19c0f7-d1d6-4da3-858c-b0e400000032","targetId":"dashboard-fdc","selfLink":"https://sqladmin.googleapis.com/v1/projects/ttv-bot-dashboard/operations/8a19c0f7-d1d6-4da3-858c-b0e400000032","targetProject":"ttv-bot-dashboard"}
[debug] [2025-06-12T11:19:33.598Z] [LRO Poller] Retrying task index 0
[debug] [2025-06-12T11:19:33.598Z] Checked if tokens are valid: true, expires at: 1749728989616
[debug] [2025-06-12T11:19:33.598Z] Checked if tokens are valid: true, expires at: 1749728989616
[debug] [2025-06-12T11:19:33.598Z] >>> [apiv2][query] GET https://sqladmin.googleapis.com/v1/projects/ttv-bot-dashboard/operations/8a19c0f7-d1d6-4da3-858c-b0e400000032 [none]
[debug] [2025-06-12T11:19:34.002Z] <<< [apiv2][status] GET https://sqladmin.googleapis.com/v1/projects/ttv-bot-dashboard/operations/8a19c0f7-d1d6-4da3-858c-b0e400000032 200
[debug] [2025-06-12T11:19:34.002Z] <<< [apiv2][body] GET https://sqladmin.googleapis.com/v1/projects/ttv-bot-dashboard/operations/8a19c0f7-d1d6-4da3-858c-b0e400000032 {"kind":"sql#operation","targetLink":"https://sqladmin.googleapis.com/v1/projects/ttv-bot-dashboard/instances/dashboard-fdc","status":"RUNNING","user":"vicbek8@gmail.com","insertTime":"2025-06-12T11:03:21.238Z","startTime":"2025-06-12T11:03:21.361Z","operationType":"CREATE","name":"8a19c0f7-d1d6-4da3-858c-b0e400000032","targetId":"dashboard-fdc","selfLink":"https://sqladmin.googleapis.com/v1/projects/ttv-bot-dashboard/operations/8a19c0f7-d1d6-4da3-858c-b0e400000032","targetProject":"ttv-bot-dashboard"}
[debug] [2025-06-12T11:20:34.007Z] [LRO Poller] Retrying task index 0
[debug] [2025-06-12T11:20:34.007Z] Checked if tokens are valid: true, expires at: 1749728989616
[debug] [2025-06-12T11:20:34.007Z] Checked if tokens are valid: true, expires at: 1749728989616
[debug] [2025-06-12T11:20:34.007Z] >>> [apiv2][query] GET https://sqladmin.googleapis.com/v1/projects/ttv-bot-dashboard/operations/8a19c0f7-d1d6-4da3-858c-b0e400000032 [none]
[debug] [2025-06-12T11:20:34.409Z] <<< [apiv2][status] GET https://sqladmin.googleapis.com/v1/projects/ttv-bot-dashboard/operations/8a19c0f7-d1d6-4da3-858c-b0e400000032 200
[debug] [2025-06-12T11:20:34.409Z] <<< [apiv2][body] GET https://sqladmin.googleapis.com/v1/projects/ttv-bot-dashboard/operations/8a19c0f7-d1d6-4da3-858c-b0e400000032 {"kind":"sql#operation","targetLink":"https://sqladmin.googleapis.com/v1/projects/ttv-bot-dashboard/instances/dashboard-fdc","status":"RUNNING","user":"vicbek8@gmail.com","insertTime":"2025-06-12T11:03:21.238Z","startTime":"2025-06-12T11:03:21.361Z","operationType":"CREATE","name":"8a19c0f7-d1d6-4da3-858c-b0e400000032","targetId":"dashboard-fdc","selfLink":"https://sqladmin.googleapis.com/v1/projects/ttv-bot-dashboard/operations/8a19c0f7-d1d6-4da3-858c-b0e400000032","targetProject":"ttv-bot-dashboard"}
